{
  "stats": {
    "suites": 5,
    "tests": 22,
    "passes": 8,
    "pending": 0,
    "failures": 8,
    "testsRegistered": 22,
    "passPercent": 36.36363636363637,
    "pendingPercent": 0,
    "other": 0,
    "hasOther": false,
    "skipped": 6,
    "hasSkipped": true,
    "start": "2024-12-09T06:24:45.247Z",
    "end": "2024-12-09T06:33:22.945Z",
    "duration": 517698
  },
  "results": [
    {
      "uuid": "d265c132-c2ad-47f6-a69b-e16c9e6aff91",
      "title": "",
      "fullFile": "cypress\\e2e\\cart.test.js",
      "file": "cypress\\e2e\\cart.test.js",
      "beforeHooks": [],
      "afterHooks": [],
      "tests": [],
      "suites": [
        {
          "uuid": "54c7dc76-9960-411c-a9d2-dcbfbf000bf0",
          "title": "Valid Cart",
          "fullFile": "",
          "file": "",
          "beforeHooks": [],
          "afterHooks": [],
          "tests": [
            {
              "title": "Validate user can add item to cart",
              "fullTitle": "Valid Cart Validate user can add item to cart",
              "timedOut": null,
              "duration": 5692,
              "state": "passed",
              "speed": "medium",
              "pass": true,
              "fail": false,
              "pending": false,
              "context": null,
              "code": "cy.wrap(username).each(username => {\n  cy.loginToApp(username, \"secret_sauce\");\n  _homePage.onHomePage.addToCart(3).then(({\n    _itemsName,\n    _itemsPrice\n  }) => {\n    cy.get(\".shopping_cart_link\").click();\n    _cartPage.onCartPage.checkProductList(_itemsName, _itemsPrice);\n  });\n  cy.then(Cypress.session.clearCurrentSessionData);\n});",
              "err": {},
              "uuid": "89acfd30-d048-406f-b671-ad50c372f0ff",
              "parentUUID": "54c7dc76-9960-411c-a9d2-dcbfbf000bf0",
              "isHook": false,
              "skipped": false
            },
            {
              "title": "Validate user can remove item from cart in home page",
              "fullTitle": "Valid Cart Validate user can remove item from cart in home page",
              "timedOut": null,
              "duration": 60266,
              "state": "failed",
              "speed": null,
              "pass": false,
              "fail": true,
              "pending": false,
              "context": null,
              "code": "cy.wrap(username).each(username => {\n  cy.loginToApp(username, \"secret_sauce\");\n  _homePage.onHomePage.addToCart(3).then(({\n    _dataTest,\n    _totalItems\n  }) => {\n    _homePage.onHomePage.nullifyCart(_totalItems, _dataTest);\n  });\n  cy.then(Cypress.session.clearCurrentSessionData);\n});",
              "err": {
                "message": "CypressError: Timed out after waiting `60000ms` for your remote page to load.\n\nYour page did not fire its `load` event within `60000ms`.\n\nYou can try increasing the `pageLoadTimeout` value in `cypress.config.js` to wait longer.\n\nBrowsers will not fire the `load` event until all stylesheets and scripts are done downloading.\n\nWhen this `load` event occurs, Cypress will continue running commands.",
                "estack": "CypressError: Timed out after waiting `60000ms` for your remote page to load.\n\nYour page did not fire its `load` event within `60000ms`.\n\nYou can try increasing the `pageLoadTimeout` value in `cypress.config.js` to wait longer.\n\nBrowsers will not fire the `load` event until all stylesheets and scripts are done downloading.\n\nWhen this `load` event occurs, Cypress will continue running commands.\n    at timedOutWaitingForPageLoad (https://www.saucedemo.com/__cypress/runner/cypress_runner.js:130482:64)\n    at <unknown> (https://www.saucedemo.com/__cypress/runner/cypress_runner.js:131467:16)\n    at tryCatcher (https://www.saucedemo.com/__cypress/runner/cypress_runner.js:1807:23)\n    at <unknown> (https://www.saucedemo.com/__cypress/runner/cypress_runner.js:4186:41)\n    at tryCatcher (https://www.saucedemo.com/__cypress/runner/cypress_runner.js:1807:23)\n    at Promise._settlePromiseFromHandler (https://www.saucedemo.com/__cypress/runner/cypress_runner.js:1519:31)\n    at Promise._settlePromise (https://www.saucedemo.com/__cypress/runner/cypress_runner.js:1576:18)\n    at Promise._settlePromise0 (https://www.saucedemo.com/__cypress/runner/cypress_runner.js:1621:10)\n    at Promise._settlePromises (https://www.saucedemo.com/__cypress/runner/cypress_runner.js:1697:18)\n    at _drainQueueStep (https://www.saucedemo.com/__cypress/runner/cypress_runner.js:2407:12)\n    at _drainQueue (https://www.saucedemo.com/__cypress/runner/cypress_runner.js:2400:9)\n    at Async._drainQueues (https://www.saucedemo.com/__cypress/runner/cypress_runner.js:2416:5)\n    at Async.drainQueues (https://www.saucedemo.com/__cypress/runner/cypress_runner.js:2286:14)\nFrom Your Spec Code:\n    at Context.eval (webpack://swag-labs-testing/./cypress/support/commands.js:29:5)",
                "diff": null
              },
              "uuid": "1fff53c0-b47d-4bb2-afda-b01b29627fb3",
              "parentUUID": "54c7dc76-9960-411c-a9d2-dcbfbf000bf0",
              "isHook": false,
              "skipped": false
            },
            {
              "title": "Validate user can remove item from cart in cart page",
              "fullTitle": "Valid Cart Validate user can remove item from cart in cart page",
              "timedOut": null,
              "duration": 60218,
              "state": "failed",
              "speed": null,
              "pass": false,
              "fail": true,
              "pending": false,
              "context": null,
              "code": "cy.wrap(username).each(username => {\n  cy.loginToApp(username, \"secret_sauce\");\n  _homePage.onHomePage.addToCart(3).then(({\n    _itemsName,\n    _itemsPrice,\n    _dataTest,\n    _totalItems\n  }) => {\n    cy.get(\".shopping_cart_link\").click();\n    _cartPage.onCartPage.checkProductList(_itemsName, _itemsPrice);\n    _cartPage.onCartPage.nullifyCart(_totalItems, _dataTest);\n  });\n  cy.then(Cypress.session.clearCurrentSessionData);\n});",
              "err": {
                "message": "CypressError: Timed out after waiting `60000ms` for your remote page to load.\n\nYour page did not fire its `load` event within `60000ms`.\n\nYou can try increasing the `pageLoadTimeout` value in `cypress.config.js` to wait longer.\n\nBrowsers will not fire the `load` event until all stylesheets and scripts are done downloading.\n\nWhen this `load` event occurs, Cypress will continue running commands.",
                "estack": "CypressError: Timed out after waiting `60000ms` for your remote page to load.\n\nYour page did not fire its `load` event within `60000ms`.\n\nYou can try increasing the `pageLoadTimeout` value in `cypress.config.js` to wait longer.\n\nBrowsers will not fire the `load` event until all stylesheets and scripts are done downloading.\n\nWhen this `load` event occurs, Cypress will continue running commands.\n    at timedOutWaitingForPageLoad (https://www.saucedemo.com/__cypress/runner/cypress_runner.js:130482:64)\n    at <unknown> (https://www.saucedemo.com/__cypress/runner/cypress_runner.js:131467:16)\n    at tryCatcher (https://www.saucedemo.com/__cypress/runner/cypress_runner.js:1807:23)\n    at <unknown> (https://www.saucedemo.com/__cypress/runner/cypress_runner.js:4186:41)\n    at tryCatcher (https://www.saucedemo.com/__cypress/runner/cypress_runner.js:1807:23)\n    at Promise._settlePromiseFromHandler (https://www.saucedemo.com/__cypress/runner/cypress_runner.js:1519:31)\n    at Promise._settlePromise (https://www.saucedemo.com/__cypress/runner/cypress_runner.js:1576:18)\n    at Promise._settlePromise0 (https://www.saucedemo.com/__cypress/runner/cypress_runner.js:1621:10)\n    at Promise._settlePromises (https://www.saucedemo.com/__cypress/runner/cypress_runner.js:1697:18)\n    at _drainQueueStep (https://www.saucedemo.com/__cypress/runner/cypress_runner.js:2407:12)\n    at _drainQueue (https://www.saucedemo.com/__cypress/runner/cypress_runner.js:2400:9)\n    at Async._drainQueues (https://www.saucedemo.com/__cypress/runner/cypress_runner.js:2416:5)\n    at Async.drainQueues (https://www.saucedemo.com/__cypress/runner/cypress_runner.js:2286:14)\nFrom Your Spec Code:\n    at Context.eval (webpack://swag-labs-testing/./cypress/support/commands.js:29:5)",
                "diff": null
              },
              "uuid": "af888957-90d3-40e1-9747-dc6f838758d3",
              "parentUUID": "54c7dc76-9960-411c-a9d2-dcbfbf000bf0",
              "isHook": false,
              "skipped": false
            },
            {
              "title": "Validate user can reset app state after adding item to cart",
              "fullTitle": "Valid Cart Validate user can reset app state after adding item to cart",
              "timedOut": null,
              "duration": 60222,
              "state": "failed",
              "speed": null,
              "pass": false,
              "fail": true,
              "pending": false,
              "context": null,
              "code": "cy.wrap(username).each(username => {\n  cy.loginToApp(username, \"secret_sauce\");\n  _homePage.onHomePage.addToCart(3).then(() => {\n    cy.get(\"#react-burger-menu-btn\").click();\n    cy.contains(\"Reset App State\").click();\n  });\n  cy.then(Cypress.session.clearCurrentSessionData);\n});",
              "err": {
                "message": "CypressError: Timed out after waiting `60000ms` for your remote page to load.\n\nYour page did not fire its `load` event within `60000ms`.\n\nYou can try increasing the `pageLoadTimeout` value in `cypress.config.js` to wait longer.\n\nBrowsers will not fire the `load` event until all stylesheets and scripts are done downloading.\n\nWhen this `load` event occurs, Cypress will continue running commands.",
                "estack": "CypressError: Timed out after waiting `60000ms` for your remote page to load.\n\nYour page did not fire its `load` event within `60000ms`.\n\nYou can try increasing the `pageLoadTimeout` value in `cypress.config.js` to wait longer.\n\nBrowsers will not fire the `load` event until all stylesheets and scripts are done downloading.\n\nWhen this `load` event occurs, Cypress will continue running commands.\n    at timedOutWaitingForPageLoad (https://www.saucedemo.com/__cypress/runner/cypress_runner.js:130482:64)\n    at <unknown> (https://www.saucedemo.com/__cypress/runner/cypress_runner.js:131467:16)\n    at tryCatcher (https://www.saucedemo.com/__cypress/runner/cypress_runner.js:1807:23)\n    at <unknown> (https://www.saucedemo.com/__cypress/runner/cypress_runner.js:4186:41)\n    at tryCatcher (https://www.saucedemo.com/__cypress/runner/cypress_runner.js:1807:23)\n    at Promise._settlePromiseFromHandler (https://www.saucedemo.com/__cypress/runner/cypress_runner.js:1519:31)\n    at Promise._settlePromise (https://www.saucedemo.com/__cypress/runner/cypress_runner.js:1576:18)\n    at Promise._settlePromise0 (https://www.saucedemo.com/__cypress/runner/cypress_runner.js:1621:10)\n    at Promise._settlePromises (https://www.saucedemo.com/__cypress/runner/cypress_runner.js:1697:18)\n    at _drainQueueStep (https://www.saucedemo.com/__cypress/runner/cypress_runner.js:2407:12)\n    at _drainQueue (https://www.saucedemo.com/__cypress/runner/cypress_runner.js:2400:9)\n    at Async._drainQueues (https://www.saucedemo.com/__cypress/runner/cypress_runner.js:2416:5)\n    at Async.drainQueues (https://www.saucedemo.com/__cypress/runner/cypress_runner.js:2286:14)\nFrom Your Spec Code:\n    at Context.eval (webpack://swag-labs-testing/./cypress/support/commands.js:29:5)",
                "diff": null
              },
              "uuid": "882490e8-8f99-419f-8335-f5ceff3e4d3e",
              "parentUUID": "54c7dc76-9960-411c-a9d2-dcbfbf000bf0",
              "isHook": false,
              "skipped": false
            },
            {
              "title": "Validate user can remove item from cart in cart page",
              "fullTitle": "Valid Cart Validate user can remove item from cart in cart page",
              "timedOut": null,
              "duration": 60230,
              "state": "failed",
              "speed": null,
              "pass": false,
              "fail": true,
              "pending": false,
              "context": null,
              "code": "cy.wrap(username).each(username => {\n  cy.loginToApp(username, \"secret_sauce\");\n  _homePage.onHomePage.addToCart(3).then(({\n    _dataTest,\n    _totalItems,\n    _itemsName,\n    _itemsPrice\n  }) => {\n    cy.get(\".shopping_cart_link\").click();\n    _cartPage.onCartPage.checkProductList(_itemsName, _itemsPrice);\n    _cartPage.onCartPage.nullifyCart(_totalItems, _dataTest);\n  });\n  cy.then(Cypress.session.clearCurrentSessionData);\n});",
              "err": {
                "message": "CypressError: Timed out after waiting `60000ms` for your remote page to load.\n\nYour page did not fire its `load` event within `60000ms`.\n\nYou can try increasing the `pageLoadTimeout` value in `cypress.config.js` to wait longer.\n\nBrowsers will not fire the `load` event until all stylesheets and scripts are done downloading.\n\nWhen this `load` event occurs, Cypress will continue running commands.",
                "estack": "CypressError: Timed out after waiting `60000ms` for your remote page to load.\n\nYour page did not fire its `load` event within `60000ms`.\n\nYou can try increasing the `pageLoadTimeout` value in `cypress.config.js` to wait longer.\n\nBrowsers will not fire the `load` event until all stylesheets and scripts are done downloading.\n\nWhen this `load` event occurs, Cypress will continue running commands.\n    at timedOutWaitingForPageLoad (https://www.saucedemo.com/__cypress/runner/cypress_runner.js:130482:64)\n    at <unknown> (https://www.saucedemo.com/__cypress/runner/cypress_runner.js:131467:16)\n    at tryCatcher (https://www.saucedemo.com/__cypress/runner/cypress_runner.js:1807:23)\n    at <unknown> (https://www.saucedemo.com/__cypress/runner/cypress_runner.js:4186:41)\n    at tryCatcher (https://www.saucedemo.com/__cypress/runner/cypress_runner.js:1807:23)\n    at Promise._settlePromiseFromHandler (https://www.saucedemo.com/__cypress/runner/cypress_runner.js:1519:31)\n    at Promise._settlePromise (https://www.saucedemo.com/__cypress/runner/cypress_runner.js:1576:18)\n    at Promise._settlePromise0 (https://www.saucedemo.com/__cypress/runner/cypress_runner.js:1621:10)\n    at Promise._settlePromises (https://www.saucedemo.com/__cypress/runner/cypress_runner.js:1697:18)\n    at _drainQueueStep (https://www.saucedemo.com/__cypress/runner/cypress_runner.js:2407:12)\n    at _drainQueue (https://www.saucedemo.com/__cypress/runner/cypress_runner.js:2400:9)\n    at Async._drainQueues (https://www.saucedemo.com/__cypress/runner/cypress_runner.js:2416:5)\n    at Async.drainQueues (https://www.saucedemo.com/__cypress/runner/cypress_runner.js:2286:14)\nFrom Your Spec Code:\n    at Context.eval (webpack://swag-labs-testing/./cypress/support/commands.js:29:5)",
                "diff": null
              },
              "uuid": "89b64ccf-0094-4eb8-894b-b9cd91e69ada",
              "parentUUID": "54c7dc76-9960-411c-a9d2-dcbfbf000bf0",
              "isHook": false,
              "skipped": false
            }
          ],
          "suites": [],
          "passes": [
            "89acfd30-d048-406f-b671-ad50c372f0ff"
          ],
          "failures": [
            "1fff53c0-b47d-4bb2-afda-b01b29627fb3",
            "af888957-90d3-40e1-9747-dc6f838758d3",
            "882490e8-8f99-419f-8335-f5ceff3e4d3e",
            "89b64ccf-0094-4eb8-894b-b9cd91e69ada"
          ],
          "pending": [],
          "skipped": [],
          "duration": 246628,
          "root": false,
          "rootEmpty": false,
          "_timeout": 2000
        }
      ],
      "passes": [],
      "failures": [],
      "pending": [],
      "skipped": [],
      "duration": 0,
      "root": true,
      "rootEmpty": true,
      "_timeout": 2000
    },
    {
      "uuid": "6ad233e4-6d5d-40ee-b484-cd819d17b201",
      "title": "",
      "fullFile": "cypress\\e2e\\checkout.test.js",
      "file": "cypress\\e2e\\checkout.test.js",
      "beforeHooks": [],
      "afterHooks": [],
      "tests": [],
      "suites": [
        {
          "uuid": "a210f6e6-0fe2-41ae-8a5c-69ac7de5ce57",
          "title": "Valid Checkout",
          "fullFile": "",
          "file": "",
          "beforeHooks": [],
          "afterHooks": [],
          "tests": [
            {
              "title": "Validate checkout after adding item to cart",
              "fullTitle": "Valid Checkout Validate checkout after adding item to cart",
              "timedOut": null,
              "duration": 8368,
              "state": "passed",
              "speed": "medium",
              "pass": true,
              "fail": false,
              "pending": false,
              "context": null,
              "code": "const user = {\n  firstName: \"John\",\n  lastName: \"Doe\",\n  postalCode: \"1234\"\n};\ncy.wrap(username).each(username => {\n  cy.loginToApp(username, \"secret_sauce\");\n  _homePage.onHomePage.addToCart(3).then(({\n    _itemsName,\n    _itemsPrice\n  }) => {\n    cy.get(\".shopping_cart_link\").click();\n    _cartPage.onCartPage.checkProductList(_itemsName, _itemsPrice);\n    cy.contains(\"Checkout\").click();\n    _checkoutPage.onCheckoutPage.submitForm(user);\n    _checkoutPage.onCheckoutPage.checkProductOverview(_itemsName, _itemsPrice);\n    cy.contains(\"Finish\").click();\n    cy.contains(\"Thank you for your order!\");\n  });\n  cy.then(Cypress.session.clearCurrentSessionData);\n});",
              "err": {},
              "uuid": "7364894c-372b-48b4-bf00-210d48c8993d",
              "parentUUID": "a210f6e6-0fe2-41ae-8a5c-69ac7de5ce57",
              "isHook": false,
              "skipped": false
            },
            {
              "title": "Provide a valid first name & last name in arabic format",
              "fullTitle": "Valid Checkout Provide a valid first name & last name in arabic format",
              "timedOut": null,
              "duration": 60202,
              "state": "failed",
              "speed": null,
              "pass": false,
              "fail": true,
              "pending": false,
              "context": null,
              "code": "const user = {\n  firstName: \"جون\",\n  lastName: \"كارتر\",\n  postalCode: \"1234\"\n};\ncy.wrap(username).each(username => {\n  cy.loginToApp(username, \"secret_sauce\");\n  _homePage.onHomePage.addToCart(3).then(({\n    _itemsName,\n    _itemsPrice\n  }) => {\n    cy.get(\".shopping_cart_link\").click();\n    _cartPage.onCartPage.checkProductList(_itemsName, _itemsPrice);\n    cy.contains(\"Checkout\").click();\n    _checkoutPage.onCheckoutPage.submitForm(user);\n    _checkoutPage.onCheckoutPage.checkProductOverview(_itemsName, _itemsPrice);\n    cy.contains(\"Finish\").click();\n    cy.contains(\"Thank you for your order!\");\n  });\n  cy.then(Cypress.session.clearCurrentSessionData);\n});",
              "err": {
                "message": "CypressError: Timed out after waiting `60000ms` for your remote page to load.\n\nYour page did not fire its `load` event within `60000ms`.\n\nYou can try increasing the `pageLoadTimeout` value in `cypress.config.js` to wait longer.\n\nBrowsers will not fire the `load` event until all stylesheets and scripts are done downloading.\n\nWhen this `load` event occurs, Cypress will continue running commands.",
                "estack": "CypressError: Timed out after waiting `60000ms` for your remote page to load.\n\nYour page did not fire its `load` event within `60000ms`.\n\nYou can try increasing the `pageLoadTimeout` value in `cypress.config.js` to wait longer.\n\nBrowsers will not fire the `load` event until all stylesheets and scripts are done downloading.\n\nWhen this `load` event occurs, Cypress will continue running commands.\n    at timedOutWaitingForPageLoad (https://www.saucedemo.com/__cypress/runner/cypress_runner.js:130482:64)\n    at <unknown> (https://www.saucedemo.com/__cypress/runner/cypress_runner.js:131467:16)\n    at tryCatcher (https://www.saucedemo.com/__cypress/runner/cypress_runner.js:1807:23)\n    at <unknown> (https://www.saucedemo.com/__cypress/runner/cypress_runner.js:4186:41)\n    at tryCatcher (https://www.saucedemo.com/__cypress/runner/cypress_runner.js:1807:23)\n    at Promise._settlePromiseFromHandler (https://www.saucedemo.com/__cypress/runner/cypress_runner.js:1519:31)\n    at Promise._settlePromise (https://www.saucedemo.com/__cypress/runner/cypress_runner.js:1576:18)\n    at Promise._settlePromise0 (https://www.saucedemo.com/__cypress/runner/cypress_runner.js:1621:10)\n    at Promise._settlePromises (https://www.saucedemo.com/__cypress/runner/cypress_runner.js:1697:18)\n    at _drainQueueStep (https://www.saucedemo.com/__cypress/runner/cypress_runner.js:2407:12)\n    at _drainQueue (https://www.saucedemo.com/__cypress/runner/cypress_runner.js:2400:9)\n    at Async._drainQueues (https://www.saucedemo.com/__cypress/runner/cypress_runner.js:2416:5)\n    at Async.drainQueues (https://www.saucedemo.com/__cypress/runner/cypress_runner.js:2286:14)\nFrom Your Spec Code:\n    at Context.eval (webpack://swag-labs-testing/./cypress/support/commands.js:29:5)",
                "diff": null
              },
              "uuid": "e701b581-5882-4d3b-87aa-75fa61d818f3",
              "parentUUID": "a210f6e6-0fe2-41ae-8a5c-69ac7de5ce57",
              "isHook": false,
              "skipped": false
            },
            {
              "title": "Provide a valid zip/postal code with arabic format, first name, and last name",
              "fullTitle": "Valid Checkout Provide a valid zip/postal code with arabic format, first name, and last name",
              "timedOut": null,
              "duration": 60208,
              "state": "failed",
              "speed": null,
              "pass": false,
              "fail": true,
              "pending": false,
              "context": null,
              "code": "const user = {\n  firstName: \"John\",\n  lastName: \"Doe\",\n  postalCode: \"١٧٤١٢\"\n};\ncy.wrap(username).each(username => {\n  cy.loginToApp(username, \"secret_sauce\");\n  _homePage.onHomePage.addToCart(3).then(({\n    _itemsName,\n    _itemsPrice\n  }) => {\n    cy.get(\".shopping_cart_link\").click();\n    _cartPage.onCartPage.checkProductList(_itemsName, _itemsPrice);\n    cy.contains(\"Checkout\").click();\n    _checkoutPage.onCheckoutPage.submitForm(user);\n    _checkoutPage.onCheckoutPage.checkProductOverview(_itemsName, _itemsPrice);\n    cy.contains(\"Finish\").click();\n    cy.contains(\"Thank you for your order!\");\n  });\n  cy.then(Cypress.session.clearCurrentSessionData);\n});",
              "err": {
                "message": "CypressError: Timed out after waiting `60000ms` for your remote page to load.\n\nYour page did not fire its `load` event within `60000ms`.\n\nYou can try increasing the `pageLoadTimeout` value in `cypress.config.js` to wait longer.\n\nBrowsers will not fire the `load` event until all stylesheets and scripts are done downloading.\n\nWhen this `load` event occurs, Cypress will continue running commands.",
                "estack": "CypressError: Timed out after waiting `60000ms` for your remote page to load.\n\nYour page did not fire its `load` event within `60000ms`.\n\nYou can try increasing the `pageLoadTimeout` value in `cypress.config.js` to wait longer.\n\nBrowsers will not fire the `load` event until all stylesheets and scripts are done downloading.\n\nWhen this `load` event occurs, Cypress will continue running commands.\n    at timedOutWaitingForPageLoad (https://www.saucedemo.com/__cypress/runner/cypress_runner.js:130482:64)\n    at <unknown> (https://www.saucedemo.com/__cypress/runner/cypress_runner.js:131467:16)\n    at tryCatcher (https://www.saucedemo.com/__cypress/runner/cypress_runner.js:1807:23)\n    at <unknown> (https://www.saucedemo.com/__cypress/runner/cypress_runner.js:4186:41)\n    at tryCatcher (https://www.saucedemo.com/__cypress/runner/cypress_runner.js:1807:23)\n    at Promise._settlePromiseFromHandler (https://www.saucedemo.com/__cypress/runner/cypress_runner.js:1519:31)\n    at Promise._settlePromise (https://www.saucedemo.com/__cypress/runner/cypress_runner.js:1576:18)\n    at Promise._settlePromise0 (https://www.saucedemo.com/__cypress/runner/cypress_runner.js:1621:10)\n    at Promise._settlePromises (https://www.saucedemo.com/__cypress/runner/cypress_runner.js:1697:18)\n    at _drainQueueStep (https://www.saucedemo.com/__cypress/runner/cypress_runner.js:2407:12)\n    at _drainQueue (https://www.saucedemo.com/__cypress/runner/cypress_runner.js:2400:9)\n    at Async._drainQueues (https://www.saucedemo.com/__cypress/runner/cypress_runner.js:2416:5)\n    at Async.drainQueues (https://www.saucedemo.com/__cypress/runner/cypress_runner.js:2286:14)\nFrom Your Spec Code:\n    at Context.eval (webpack://swag-labs-testing/./cypress/support/commands.js:29:5)",
                "diff": null
              },
              "uuid": "7a4a501c-b380-4a64-8635-9ff86bc04516",
              "parentUUID": "a210f6e6-0fe2-41ae-8a5c-69ac7de5ce57",
              "isHook": false,
              "skipped": false
            }
          ],
          "suites": [],
          "passes": [
            "7364894c-372b-48b4-bf00-210d48c8993d"
          ],
          "failures": [
            "e701b581-5882-4d3b-87aa-75fa61d818f3",
            "7a4a501c-b380-4a64-8635-9ff86bc04516"
          ],
          "pending": [],
          "skipped": [],
          "duration": 128778,
          "root": false,
          "rootEmpty": false,
          "_timeout": 2000
        },
        {
          "uuid": "34fda27a-1222-482a-81a4-d9c58fbf1d29",
          "title": "Invalid Checkout",
          "fullFile": "",
          "file": "",
          "beforeHooks": [],
          "afterHooks": [],
          "tests": [
            {
              "title": "Validate user can't checkout if they have 0 item on cart",
              "fullTitle": "Invalid Checkout Validate user can't checkout if they have 0 item on cart",
              "timedOut": null,
              "duration": 60202,
              "state": "failed",
              "speed": null,
              "pass": false,
              "fail": true,
              "pending": false,
              "context": null,
              "code": "const user = {\n  firstName: \"John\",\n  lastName: \"Doe\",\n  postalCode: \"1234\"\n};\ncy.wrap(username).each(username => {\n  cy.loginToApp(username, \"secret_sauce\");\n  cy.get(\".shopping_cart_link\").click();\n  cy.contains(\"Checkout\").click();\n  cy.url().should(\"eq\", \"https://www.saucedemo.com/cart.html\");\n  cy.then(Cypress.session.clearCurrentSessionData);\n});",
              "err": {
                "message": "CypressError: Timed out after waiting `60000ms` for your remote page to load.\n\nYour page did not fire its `load` event within `60000ms`.\n\nYou can try increasing the `pageLoadTimeout` value in `cypress.config.js` to wait longer.\n\nBrowsers will not fire the `load` event until all stylesheets and scripts are done downloading.\n\nWhen this `load` event occurs, Cypress will continue running commands.\n\nBecause this error occurred during a `before all` hook we are skipping the remaining tests in the current suite: `Invalid Checkout`",
                "estack": "CypressError: Timed out after waiting `60000ms` for your remote page to load.\n\nYour page did not fire its `load` event within `60000ms`.\n\nYou can try increasing the `pageLoadTimeout` value in `cypress.config.js` to wait longer.\n\nBrowsers will not fire the `load` event until all stylesheets and scripts are done downloading.\n\nWhen this `load` event occurs, Cypress will continue running commands.\n\nBecause this error occurred during a `before all` hook we are skipping the remaining tests in the current suite: `Invalid Checkout`\n    at timedOutWaitingForPageLoad (https://www.saucedemo.com/__cypress/runner/cypress_runner.js:130482:64)\n    at <unknown> (https://www.saucedemo.com/__cypress/runner/cypress_runner.js:131467:16)\n    at tryCatcher (https://www.saucedemo.com/__cypress/runner/cypress_runner.js:1807:23)\n    at <unknown> (https://www.saucedemo.com/__cypress/runner/cypress_runner.js:4186:41)\n    at tryCatcher (https://www.saucedemo.com/__cypress/runner/cypress_runner.js:1807:23)\n    at Promise._settlePromiseFromHandler (https://www.saucedemo.com/__cypress/runner/cypress_runner.js:1519:31)\n    at Promise._settlePromise (https://www.saucedemo.com/__cypress/runner/cypress_runner.js:1576:18)\n    at Promise._settlePromise0 (https://www.saucedemo.com/__cypress/runner/cypress_runner.js:1621:10)\n    at Promise._settlePromises (https://www.saucedemo.com/__cypress/runner/cypress_runner.js:1697:18)\n    at _drainQueueStep (https://www.saucedemo.com/__cypress/runner/cypress_runner.js:2407:12)\n    at _drainQueue (https://www.saucedemo.com/__cypress/runner/cypress_runner.js:2400:9)\n    at Async._drainQueues (https://www.saucedemo.com/__cypress/runner/cypress_runner.js:2416:5)\n    at Async.drainQueues (https://www.saucedemo.com/__cypress/runner/cypress_runner.js:2286:14)\nFrom Your Spec Code:\n    at Context.eval (webpack://swag-labs-testing/./cypress/e2e/checkout.test.js:113:7)",
                "diff": null
              },
              "uuid": "6c77e7cf-9435-4027-988a-0f3fd8c2c1c7",
              "parentUUID": "34fda27a-1222-482a-81a4-d9c58fbf1d29",
              "isHook": false,
              "skipped": false
            },
            {
              "title": "Provide empty first name in checkout form",
              "fullTitle": "Invalid Checkout Provide empty first name in checkout form",
              "timedOut": null,
              "duration": 0,
              "state": "skipped",
              "speed": null,
              "pass": false,
              "fail": false,
              "pending": false,
              "context": null,
              "code": "const user = {\n  firstName: \"\",\n  lastName: \"كارتر\",\n  postalCode: \"1234\"\n};\ncy.wrap(username).each(username => {\n  cy.loginToApp(username, \"secret_sauce\");\n  _homePage.onHomePage.addToCart(3).then(({\n    _itemsName,\n    _itemsPrice\n  }) => {\n    cy.get(\".shopping_cart_link\").click();\n    _cartPage.onCartPage.checkProductList(_itemsName, _itemsPrice);\n    cy.contains(\"Checkout\").click();\n    _checkoutPage.onCheckoutPage.submitForm(user, \"skipFirstName\");\n  });\n  cy.then(Cypress.session.clearCurrentSessionData);\n});",
              "err": {},
              "uuid": "72e24657-f01b-47d9-8e9f-ad396d9f273b",
              "parentUUID": "34fda27a-1222-482a-81a4-d9c58fbf1d29",
              "isHook": false,
              "skipped": true
            },
            {
              "title": "Provide empty last name in checkout form",
              "fullTitle": "Invalid Checkout Provide empty last name in checkout form",
              "timedOut": null,
              "duration": 0,
              "state": "skipped",
              "speed": null,
              "pass": false,
              "fail": false,
              "pending": false,
              "context": null,
              "code": "const user = {\n  firstName: \"John\",\n  lastName: \"\",\n  postalCode: \"1234\"\n};\ncy.wrap(username).each(username => {\n  cy.loginToApp(username, \"secret_sauce\");\n  _homePage.onHomePage.addToCart(3).then(({\n    _itemsName,\n    _itemsPrice\n  }) => {\n    cy.get(\".shopping_cart_link\").click();\n    _cartPage.onCartPage.checkProductList(_itemsName, _itemsPrice);\n    cy.contains(\"Checkout\").click();\n    _checkoutPage.onCheckoutPage.submitForm(user, \"skipLastName\");\n  });\n  cy.then(Cypress.session.clearCurrentSessionData);\n});",
              "err": {},
              "uuid": "1eccb2cf-a557-40b0-bc10-8028cc290457",
              "parentUUID": "34fda27a-1222-482a-81a4-d9c58fbf1d29",
              "isHook": false,
              "skipped": true
            },
            {
              "title": "Provide empty zip/postal code in checkout form",
              "fullTitle": "Invalid Checkout Provide empty zip/postal code in checkout form",
              "timedOut": null,
              "duration": 0,
              "state": "skipped",
              "speed": null,
              "pass": false,
              "fail": false,
              "pending": false,
              "context": null,
              "code": "const user = {\n  firstName: \"John\",\n  lastName: \"Doe\",\n  postalCode: \"\"\n};\ncy.wrap(username).each(username => {\n  cy.loginToApp(username, \"secret_sauce\");\n  _homePage.onHomePage.addToCart(3).then(({\n    _itemsName,\n    _itemsPrice\n  }) => {\n    cy.get(\".shopping_cart_link\").click();\n    _cartPage.onCartPage.checkProductList(_itemsName, _itemsPrice);\n    cy.contains(\"Checkout\").click();\n    _checkoutPage.onCheckoutPage.submitForm(user, \"skipPostalCode\");\n  });\n  cy.then(Cypress.session.clearCurrentSessionData);\n});",
              "err": {},
              "uuid": "f31705bb-2be7-4b59-84bf-952c27af435d",
              "parentUUID": "34fda27a-1222-482a-81a4-d9c58fbf1d29",
              "isHook": false,
              "skipped": true
            }
          ],
          "suites": [],
          "passes": [],
          "failures": [
            "6c77e7cf-9435-4027-988a-0f3fd8c2c1c7"
          ],
          "pending": [],
          "skipped": [
            "72e24657-f01b-47d9-8e9f-ad396d9f273b",
            "1eccb2cf-a557-40b0-bc10-8028cc290457",
            "f31705bb-2be7-4b59-84bf-952c27af435d"
          ],
          "duration": 60202,
          "root": false,
          "rootEmpty": false,
          "_timeout": 2000
        }
      ],
      "passes": [],
      "failures": [],
      "pending": [],
      "skipped": [],
      "duration": 0,
      "root": true,
      "rootEmpty": true,
      "_timeout": 2000
    },
    {
      "uuid": "ae7f7678-a527-47a0-b9f9-e21e04a78d1d",
      "title": "",
      "fullFile": "cypress\\e2e\\home.test.js",
      "file": "cypress\\e2e\\home.test.js",
      "beforeHooks": [],
      "afterHooks": [],
      "tests": [],
      "suites": [
        {
          "uuid": "0f4940e7-3307-44da-9a0a-17f7137a6ade",
          "title": "Homepage",
          "fullFile": "",
          "file": "",
          "beforeHooks": [],
          "afterHooks": [],
          "tests": [
            {
              "title": "Verify user can sort product",
              "fullTitle": "Homepage Verify user can sort product",
              "timedOut": null,
              "duration": 4710,
              "state": "passed",
              "speed": "fast",
              "pass": true,
              "fail": false,
              "pending": false,
              "context": null,
              "code": "cy.wrap(username).each(username => {\n  cy.loginToApp(username, \"secret_sauce\");\n  _homePage.onHomePage.sortProduct();\n  cy.then(Cypress.session.clearCurrentSessionData);\n});",
              "err": {},
              "uuid": "86fa9bed-9456-4575-a26e-6bcf52097796",
              "parentUUID": "0f4940e7-3307-44da-9a0a-17f7137a6ade",
              "isHook": false,
              "skipped": false
            }
          ],
          "suites": [],
          "passes": [
            "86fa9bed-9456-4575-a26e-6bcf52097796"
          ],
          "failures": [],
          "pending": [],
          "skipped": [],
          "duration": 4710,
          "root": false,
          "rootEmpty": false,
          "_timeout": 2000
        }
      ],
      "passes": [],
      "failures": [],
      "pending": [],
      "skipped": [],
      "duration": 0,
      "root": true,
      "rootEmpty": true,
      "_timeout": 2000
    },
    {
      "uuid": "cbb78976-bced-4dca-b55e-14216264b001",
      "title": "",
      "fullFile": "cypress\\e2e\\login.test.js",
      "file": "cypress\\e2e\\login.test.js",
      "beforeHooks": [],
      "afterHooks": [],
      "tests": [],
      "suites": [
        {
          "uuid": "6485aabe-83f5-481d-9afd-3994f869853d",
          "title": "Valid Login",
          "fullFile": "",
          "file": "",
          "beforeHooks": [],
          "afterHooks": [],
          "tests": [
            {
              "title": "Login with valid username & password",
              "fullTitle": "Valid Login Login with valid username & password",
              "timedOut": null,
              "duration": 2433,
              "state": "passed",
              "speed": "fast",
              "pass": true,
              "fail": false,
              "pending": false,
              "context": null,
              "code": "cy.wrap(username).each(username => {\n  cy.loginToApp(username, \"secret_sauce\");\n  cy.url().should(\"eq\", \"https://www.saucedemo.com/inventory.html\");\n  cy.then(Cypress.session.clearCurrentSessionData);\n});",
              "err": {},
              "uuid": "5220f659-c8f3-4eeb-ad9b-75cab54675c1",
              "parentUUID": "6485aabe-83f5-481d-9afd-3994f869853d",
              "isHook": false,
              "skipped": false
            },
            {
              "title": "Logout",
              "fullTitle": "Valid Login Logout",
              "timedOut": null,
              "duration": 2086,
              "state": "passed",
              "speed": "fast",
              "pass": true,
              "fail": false,
              "pending": false,
              "context": null,
              "code": "cy.wrap(username).each(username => {\n  cy.loginToApp(username, \"secret_sauce\");\n  cy.get(\".bm-burger-button\").click();\n  cy.contains(\"Logout\").click();\n});",
              "err": {},
              "uuid": "7983144f-dbd2-4d1b-a337-25c70a3e7029",
              "parentUUID": "6485aabe-83f5-481d-9afd-3994f869853d",
              "isHook": false,
              "skipped": false
            }
          ],
          "suites": [],
          "passes": [
            "5220f659-c8f3-4eeb-ad9b-75cab54675c1",
            "7983144f-dbd2-4d1b-a337-25c70a3e7029"
          ],
          "failures": [],
          "pending": [],
          "skipped": [],
          "duration": 4519,
          "root": false,
          "rootEmpty": false,
          "_timeout": 2000
        },
        {
          "uuid": "70693831-3bf8-48b2-ae15-c385272e0f46",
          "title": "Invalid Login",
          "fullFile": "",
          "file": "",
          "beforeHooks": [],
          "afterHooks": [],
          "tests": [
            {
              "title": "Login with empty username",
              "fullTitle": "Invalid Login Login with empty username",
              "timedOut": null,
              "duration": 60183,
              "state": "failed",
              "speed": null,
              "pass": false,
              "fail": true,
              "pending": false,
              "context": null,
              "code": "cy.loginToApp(\"\", \"secret_sauce\");\ncy.get(\"[data-test='error']\").should(\"contain\", \"Username is required\");",
              "err": {
                "message": "CypressError: Timed out after waiting `60000ms` for your remote page to load.\n\nYour page did not fire its `load` event within `60000ms`.\n\nYou can try increasing the `pageLoadTimeout` value in `cypress.config.js` to wait longer.\n\nBrowsers will not fire the `load` event until all stylesheets and scripts are done downloading.\n\nWhen this `load` event occurs, Cypress will continue running commands.\n\nBecause this error occurred during a `before all` hook we are skipping the remaining tests in the current suite: `Invalid Login`",
                "estack": "CypressError: Timed out after waiting `60000ms` for your remote page to load.\n\nYour page did not fire its `load` event within `60000ms`.\n\nYou can try increasing the `pageLoadTimeout` value in `cypress.config.js` to wait longer.\n\nBrowsers will not fire the `load` event until all stylesheets and scripts are done downloading.\n\nWhen this `load` event occurs, Cypress will continue running commands.\n\nBecause this error occurred during a `before all` hook we are skipping the remaining tests in the current suite: `Invalid Login`\n    at timedOutWaitingForPageLoad (https://www.saucedemo.com/__cypress/runner/cypress_runner.js:130482:64)\n    at <unknown> (https://www.saucedemo.com/__cypress/runner/cypress_runner.js:131467:16)\n    at tryCatcher (https://www.saucedemo.com/__cypress/runner/cypress_runner.js:1807:23)\n    at <unknown> (https://www.saucedemo.com/__cypress/runner/cypress_runner.js:4186:41)\n    at tryCatcher (https://www.saucedemo.com/__cypress/runner/cypress_runner.js:1807:23)\n    at Promise._settlePromiseFromHandler (https://www.saucedemo.com/__cypress/runner/cypress_runner.js:1519:31)\n    at Promise._settlePromise (https://www.saucedemo.com/__cypress/runner/cypress_runner.js:1576:18)\n    at Promise._settlePromise0 (https://www.saucedemo.com/__cypress/runner/cypress_runner.js:1621:10)\n    at Promise._settlePromises (https://www.saucedemo.com/__cypress/runner/cypress_runner.js:1697:18)\n    at _drainQueueStep (https://www.saucedemo.com/__cypress/runner/cypress_runner.js:2407:12)\n    at _drainQueue (https://www.saucedemo.com/__cypress/runner/cypress_runner.js:2400:9)\n    at Async._drainQueues (https://www.saucedemo.com/__cypress/runner/cypress_runner.js:2416:5)\n    at Async.drainQueues (https://www.saucedemo.com/__cypress/runner/cypress_runner.js:2286:14)\nFrom Your Spec Code:\n    at Context.eval (webpack://swag-labs-testing/./cypress/e2e/login.test.js:33:7)",
                "diff": null
              },
              "uuid": "8dc78626-83ff-498c-9a60-6c34628af489",
              "parentUUID": "70693831-3bf8-48b2-ae15-c385272e0f46",
              "isHook": false,
              "skipped": false
            },
            {
              "title": "Login with empty password",
              "fullTitle": "Invalid Login Login with empty password",
              "timedOut": null,
              "duration": 0,
              "state": "skipped",
              "speed": null,
              "pass": false,
              "fail": false,
              "pending": false,
              "context": null,
              "code": "cy.loginToApp(\"standard_user\", \"\");\ncy.get(\"[data-test='error']\").should(\"contain\", \"Password is required\");",
              "err": {},
              "uuid": "0d93d33f-1a53-4089-8db7-84e579891a16",
              "parentUUID": "70693831-3bf8-48b2-ae15-c385272e0f46",
              "isHook": false,
              "skipped": true
            },
            {
              "title": "Login with invalid username or password",
              "fullTitle": "Invalid Login Login with invalid username or password",
              "timedOut": null,
              "duration": 0,
              "state": "skipped",
              "speed": null,
              "pass": false,
              "fail": false,
              "pending": false,
              "context": null,
              "code": "cy.loginToApp(\"standard_user\", \"asdadsad\");\ncy.get(\"[data-test='error']\").should(\"contain\", \"Username and password do not match any user in this service\");",
              "err": {},
              "uuid": "b75300de-74d5-49a2-a5b4-b59df34423c9",
              "parentUUID": "70693831-3bf8-48b2-ae15-c385272e0f46",
              "isHook": false,
              "skipped": true
            },
            {
              "title": "Login with locked out account",
              "fullTitle": "Invalid Login Login with locked out account",
              "timedOut": null,
              "duration": 0,
              "state": "skipped",
              "speed": null,
              "pass": false,
              "fail": false,
              "pending": false,
              "context": null,
              "code": "cy.loginToApp(\"locked_out_user\", \"secret_sauce\");\ncy.get(\"[data-test='error']\").should(\"contain\", \"Sorry, this user has been locked out.\");",
              "err": {},
              "uuid": "ec76fbfa-4b92-47d2-a34b-0336d989fd3a",
              "parentUUID": "70693831-3bf8-48b2-ae15-c385272e0f46",
              "isHook": false,
              "skipped": true
            }
          ],
          "suites": [],
          "passes": [],
          "failures": [
            "8dc78626-83ff-498c-9a60-6c34628af489"
          ],
          "pending": [],
          "skipped": [
            "0d93d33f-1a53-4089-8db7-84e579891a16",
            "b75300de-74d5-49a2-a5b4-b59df34423c9",
            "ec76fbfa-4b92-47d2-a34b-0336d989fd3a"
          ],
          "duration": 60183,
          "root": false,
          "rootEmpty": false,
          "_timeout": 2000
        }
      ],
      "passes": [],
      "failures": [],
      "pending": [],
      "skipped": [],
      "duration": 0,
      "root": true,
      "rootEmpty": true,
      "_timeout": 2000
    },
    {
      "uuid": "182fdf85-28fa-42c7-8b56-bff78bd18c44",
      "title": "",
      "fullFile": "cypress\\e2e\\bypassing_to_main_pages.test.js",
      "file": "cypress\\e2e\\bypassing_to_main_pages.test.js",
      "beforeHooks": [],
      "afterHooks": [],
      "tests": [],
      "suites": [
        {
          "uuid": "60e1cd58-4f3d-45b0-b630-6b74684e60f0",
          "title": "Bypass to Main Pages Without Login",
          "fullFile": "",
          "file": "",
          "beforeHooks": [],
          "afterHooks": [],
          "tests": [
            {
              "title": "Bypass Homepage",
              "fullTitle": "Bypass to Main Pages Without Login Bypass Homepage",
              "timedOut": null,
              "duration": 2980,
              "state": "passed",
              "speed": "fast",
              "pass": true,
              "fail": false,
              "pending": false,
              "context": null,
              "code": "cy.visit(\"/inventory.html\", {\n  failOnStatusCode: false\n});\ncy.get(\"[data-test='error']\").should(\"contain\", \"You can only access '/inventory.html' when you are logged in.\");",
              "err": {},
              "uuid": "9c5d2ff5-38c6-44ac-91cc-6e9f4fb8beb6",
              "parentUUID": "60e1cd58-4f3d-45b0-b630-6b74684e60f0",
              "isHook": false,
              "skipped": false
            },
            {
              "title": "Bypass Product Detail",
              "fullTitle": "Bypass to Main Pages Without Login Bypass Product Detail",
              "timedOut": null,
              "duration": 826,
              "state": "passed",
              "speed": "fast",
              "pass": true,
              "fail": false,
              "pending": false,
              "context": null,
              "code": "cy.visit(\"/inventory-item.html?id=4\", {\n  failOnStatusCode: false\n});\ncy.get(\"[data-test='error']\").should(\"contain\", \"You can only access '/inventory-item.html' when you are logged in\");",
              "err": {},
              "uuid": "10bd416f-cc4f-4c4e-ad67-ae7633f93c0b",
              "parentUUID": "60e1cd58-4f3d-45b0-b630-6b74684e60f0",
              "isHook": false,
              "skipped": false
            },
            {
              "title": "Bypass Cart",
              "fullTitle": "Bypass to Main Pages Without Login Bypass Cart",
              "timedOut": null,
              "duration": 493,
              "state": "passed",
              "speed": "fast",
              "pass": true,
              "fail": false,
              "pending": false,
              "context": null,
              "code": "cy.visit(\"/cart.html\", {\n  failOnStatusCode: false\n});\ncy.get(\"[data-test='error']\").should(\"contain\", \"You can only access '/cart.html' when you are logged in\");",
              "err": {},
              "uuid": "5ce2ef74-32fe-492b-8384-1365c362d07d",
              "parentUUID": "60e1cd58-4f3d-45b0-b630-6b74684e60f0",
              "isHook": false,
              "skipped": false
            }
          ],
          "suites": [],
          "passes": [
            "9c5d2ff5-38c6-44ac-91cc-6e9f4fb8beb6",
            "10bd416f-cc4f-4c4e-ad67-ae7633f93c0b",
            "5ce2ef74-32fe-492b-8384-1365c362d07d"
          ],
          "failures": [],
          "pending": [],
          "skipped": [],
          "duration": 4299,
          "root": false,
          "rootEmpty": false,
          "_timeout": 2000
        }
      ],
      "passes": [],
      "failures": [],
      "pending": [],
      "skipped": [],
      "duration": 0,
      "root": true,
      "rootEmpty": true,
      "_timeout": 2000
    }
  ],
  "meta": {
    "mocha": {
      "version": "7.0.1"
    },
    "mochawesome": {
      "options": {
        "quiet": false,
        "reportFilename": "mochawesome",
        "saveHtml": false,
        "saveJson": true,
        "consoleReporter": "spec",
        "useInlineDiffs": false,
        "code": true
      },
      "version": "7.1.3"
    },
    "marge": {
      "options": {
        "id": "default",
        "reportDir": "cypress/results/mochawesome",
        "overwrite": false,
        "html": false,
        "json": true
      },
      "version": "6.2.0"
    }
  }
}