{
  "stats": {
    "suites": 5,
    "tests": 23,
    "passes": 22,
    "pending": 0,
    "failures": 1,
    "testsRegistered": 23,
    "passPercent": 95.65217391304348,
    "pendingPercent": 0,
    "other": 0,
    "hasOther": false,
    "skipped": 0,
    "hasSkipped": false,
    "start": "2024-12-27T03:59:55.534Z",
    "end": "2024-12-27T04:01:01.121Z",
    "duration": 65587
  },
  "results": [
    {
      "uuid": "840bf2a0-309a-4b78-bb06-7615accf24ab",
      "title": "",
      "fullFile": "cypress\\e2e\\cart.test.js",
      "file": "cypress\\e2e\\cart.test.js",
      "beforeHooks": [],
      "afterHooks": [],
      "tests": [],
      "suites": [
        {
          "uuid": "64995524-aee0-4d8e-b749-5be6047e49af",
          "title": "Valid Cart",
          "fullFile": "",
          "file": "",
          "beforeHooks": [],
          "afterHooks": [],
          "tests": [
            {
              "title": "Validate user can add item to cart",
              "fullTitle": "Valid Cart Validate user can add item to cart",
              "timedOut": null,
              "duration": 3835,
              "state": "passed",
              "speed": "fast",
              "pass": true,
              "fail": false,
              "pending": false,
              "context": null,
              "code": "cy.wrap(username).each(username => {\n  cy.loginToApp(username, \"secret_sauce\");\n  _homePage.onHomePage.addToCart(3).then(({\n    _itemsName,\n    _itemsPrice\n  }) => {\n    cy.get(\".shopping_cart_link\").click();\n    _cartPage.onCartPage.checkProductList(_itemsName, _itemsPrice);\n  });\n  cy.then(Cypress.session.clearCurrentSessionData);\n});",
              "err": {},
              "uuid": "131b242b-450b-4814-af63-2ea7c611e517",
              "parentUUID": "64995524-aee0-4d8e-b749-5be6047e49af",
              "isHook": false,
              "skipped": false
            },
            {
              "title": "Validate user can remove item from cart in home page",
              "fullTitle": "Valid Cart Validate user can remove item from cart in home page",
              "timedOut": null,
              "duration": 2213,
              "state": "passed",
              "speed": "fast",
              "pass": true,
              "fail": false,
              "pending": false,
              "context": null,
              "code": "cy.wrap(username).each(username => {\n  cy.loginToApp(username, \"secret_sauce\");\n  _homePage.onHomePage.addToCart(3).then(({\n    _dataTest,\n    _totalItems\n  }) => {\n    _homePage.onHomePage.nullifyCart(_totalItems, _dataTest);\n  });\n  cy.then(Cypress.session.clearCurrentSessionData);\n});",
              "err": {},
              "uuid": "2415613e-273a-43c5-b765-de19a56d4433",
              "parentUUID": "64995524-aee0-4d8e-b749-5be6047e49af",
              "isHook": false,
              "skipped": false
            },
            {
              "title": "Validate user can remove item from cart in cart page",
              "fullTitle": "Valid Cart Validate user can remove item from cart in cart page",
              "timedOut": null,
              "duration": 3777,
              "state": "passed",
              "speed": "fast",
              "pass": true,
              "fail": false,
              "pending": false,
              "context": null,
              "code": "cy.wrap(username).each(username => {\n  cy.loginToApp(username, \"secret_sauce\");\n  _homePage.onHomePage.addToCart(3).then(({\n    _itemsName,\n    _itemsPrice,\n    _dataTest,\n    _totalItems\n  }) => {\n    cy.get(\".shopping_cart_link\").click();\n    _cartPage.onCartPage.checkProductList(_itemsName, _itemsPrice);\n    _cartPage.onCartPage.nullifyCart(_totalItems, _dataTest);\n  });\n  cy.then(Cypress.session.clearCurrentSessionData);\n});",
              "err": {},
              "uuid": "9b669e38-53ce-4cb2-aaaa-247ad95f7356",
              "parentUUID": "64995524-aee0-4d8e-b749-5be6047e49af",
              "isHook": false,
              "skipped": false
            },
            {
              "title": "Validate user can reset app state after adding item to cart",
              "fullTitle": "Valid Cart Validate user can reset app state after adding item to cart",
              "timedOut": null,
              "duration": 3232,
              "state": "passed",
              "speed": "fast",
              "pass": true,
              "fail": false,
              "pending": false,
              "context": null,
              "code": "cy.wrap(username).each(username => {\n  cy.loginToApp(username, \"secret_sauce\");\n  _homePage.onHomePage.addToCart(3).then(() => {\n    cy.get(\"#react-burger-menu-btn\").click();\n    cy.contains(\"Reset App State\").click();\n  });\n  cy.then(Cypress.session.clearCurrentSessionData);\n});",
              "err": {},
              "uuid": "2d4620b7-4692-45bd-b3cc-18e6a8572662",
              "parentUUID": "64995524-aee0-4d8e-b749-5be6047e49af",
              "isHook": false,
              "skipped": false
            },
            {
              "title": "Validate user can remove item from cart in cart page",
              "fullTitle": "Valid Cart Validate user can remove item from cart in cart page",
              "timedOut": null,
              "duration": 2033,
              "state": "passed",
              "speed": "fast",
              "pass": true,
              "fail": false,
              "pending": false,
              "context": null,
              "code": "cy.wrap(username).each(username => {\n  cy.loginToApp(username, \"secret_sauce\");\n  _homePage.onHomePage.addToCart(3).then(({\n    _dataTest,\n    _totalItems,\n    _itemsName,\n    _itemsPrice\n  }) => {\n    cy.get(\".shopping_cart_link\").click();\n    _cartPage.onCartPage.checkProductList(_itemsName, _itemsPrice);\n    _cartPage.onCartPage.nullifyCart(_totalItems, _dataTest);\n  });\n  cy.then(Cypress.session.clearCurrentSessionData);\n});",
              "err": {},
              "uuid": "58efb07c-8b1e-4e8b-96b5-c1dfe13be53e",
              "parentUUID": "64995524-aee0-4d8e-b749-5be6047e49af",
              "isHook": false,
              "skipped": false
            }
          ],
          "suites": [],
          "passes": [
            "131b242b-450b-4814-af63-2ea7c611e517",
            "2415613e-273a-43c5-b765-de19a56d4433",
            "9b669e38-53ce-4cb2-aaaa-247ad95f7356",
            "2d4620b7-4692-45bd-b3cc-18e6a8572662",
            "58efb07c-8b1e-4e8b-96b5-c1dfe13be53e"
          ],
          "failures": [],
          "pending": [],
          "skipped": [],
          "duration": 15090,
          "root": false,
          "rootEmpty": false,
          "_timeout": 2000
        }
      ],
      "passes": [],
      "failures": [],
      "pending": [],
      "skipped": [],
      "duration": 0,
      "root": true,
      "rootEmpty": true,
      "_timeout": 2000
    },
    {
      "uuid": "ffc045fd-d961-44b3-bad1-064277235add",
      "title": "",
      "fullFile": "cypress\\e2e\\checkout.test.js",
      "file": "cypress\\e2e\\checkout.test.js",
      "beforeHooks": [],
      "afterHooks": [],
      "tests": [],
      "suites": [
        {
          "uuid": "d4901378-9359-4db7-adb8-6972080d569d",
          "title": "Valid Checkout",
          "fullFile": "",
          "file": "",
          "beforeHooks": [],
          "afterHooks": [],
          "tests": [
            {
              "title": "Validate checkout after adding item to cart",
              "fullTitle": "Valid Checkout Validate checkout after adding item to cart",
              "timedOut": null,
              "duration": 6047,
              "state": "passed",
              "speed": "medium",
              "pass": true,
              "fail": false,
              "pending": false,
              "context": null,
              "code": "const user = {\n  firstName: \"John\",\n  lastName: \"Doe\",\n  postalCode: \"1234\"\n};\ncy.wrap(username).each(username => {\n  cy.loginToApp(username, \"secret_sauce\");\n  _homePage.onHomePage.addToCart(3).then(({\n    _itemsName,\n    _itemsPrice\n  }) => {\n    cy.get(\".shopping_cart_link\").click();\n    _cartPage.onCartPage.checkProductList(_itemsName, _itemsPrice);\n    cy.contains(\"Checkout\").click();\n    _checkoutPage.onCheckoutPage.submitForm(user);\n    _checkoutPage.onCheckoutPage.checkProductOverview(_itemsName, _itemsPrice);\n    cy.contains(\"Finish\").click();\n    cy.contains(\"Thank you for your order!\");\n  });\n  cy.then(Cypress.session.clearCurrentSessionData);\n});",
              "err": {},
              "uuid": "7b9966c5-a35d-46fd-8a17-0e75fce282bb",
              "parentUUID": "d4901378-9359-4db7-adb8-6972080d569d",
              "isHook": false,
              "skipped": false
            },
            {
              "title": "Provide a valid first name & last name in arabic format",
              "fullTitle": "Valid Checkout Provide a valid first name & last name in arabic format",
              "timedOut": null,
              "duration": 3516,
              "state": "passed",
              "speed": "fast",
              "pass": true,
              "fail": false,
              "pending": false,
              "context": null,
              "code": "const user = {\n  firstName: \"جون\",\n  lastName: \"كارتر\",\n  postalCode: \"1234\"\n};\ncy.wrap(username).each(username => {\n  cy.loginToApp(username, \"secret_sauce\");\n  _homePage.onHomePage.addToCart(3).then(({\n    _itemsName,\n    _itemsPrice\n  }) => {\n    cy.get(\".shopping_cart_link\").click();\n    _cartPage.onCartPage.checkProductList(_itemsName, _itemsPrice);\n    cy.contains(\"Checkout\").click();\n    _checkoutPage.onCheckoutPage.submitForm(user);\n    _checkoutPage.onCheckoutPage.checkProductOverview(_itemsName, _itemsPrice);\n    cy.contains(\"Finish\").click();\n    cy.contains(\"Thank you for your order!\");\n  });\n  cy.then(Cypress.session.clearCurrentSessionData);\n});",
              "err": {},
              "uuid": "852e5555-9bdf-45da-a740-6abf345bdf32",
              "parentUUID": "d4901378-9359-4db7-adb8-6972080d569d",
              "isHook": false,
              "skipped": false
            },
            {
              "title": "Provide a valid zip/postal code with arabic format, first name, and last name",
              "fullTitle": "Valid Checkout Provide a valid zip/postal code with arabic format, first name, and last name",
              "timedOut": null,
              "duration": 5067,
              "state": "passed",
              "speed": "medium",
              "pass": true,
              "fail": false,
              "pending": false,
              "context": null,
              "code": "const user = {\n  firstName: \"John\",\n  lastName: \"Doe\",\n  postalCode: \"١٧٤١٢\"\n};\ncy.wrap(username).each(username => {\n  cy.loginToApp(username, \"secret_sauce\");\n  _homePage.onHomePage.addToCart(3).then(({\n    _itemsName,\n    _itemsPrice\n  }) => {\n    cy.get(\".shopping_cart_link\").click();\n    _cartPage.onCartPage.checkProductList(_itemsName, _itemsPrice);\n    cy.contains(\"Checkout\").click();\n    _checkoutPage.onCheckoutPage.submitForm(user);\n    _checkoutPage.onCheckoutPage.checkProductOverview(_itemsName, _itemsPrice);\n    cy.contains(\"Finish\").click();\n    cy.contains(\"Thank you for your order!\");\n  });\n  cy.then(Cypress.session.clearCurrentSessionData);\n});",
              "err": {},
              "uuid": "dafa72f2-4873-4139-80d3-a31d6d178d2b",
              "parentUUID": "d4901378-9359-4db7-adb8-6972080d569d",
              "isHook": false,
              "skipped": false
            }
          ],
          "suites": [],
          "passes": [
            "7b9966c5-a35d-46fd-8a17-0e75fce282bb",
            "852e5555-9bdf-45da-a740-6abf345bdf32",
            "dafa72f2-4873-4139-80d3-a31d6d178d2b"
          ],
          "failures": [],
          "pending": [],
          "skipped": [],
          "duration": 14630,
          "root": false,
          "rootEmpty": false,
          "_timeout": 2000
        },
        {
          "uuid": "587024b1-1f73-487c-ac12-24814eae9070",
          "title": "Invalid Checkout",
          "fullFile": "",
          "file": "",
          "beforeHooks": [],
          "afterHooks": [],
          "tests": [
            {
              "title": "Validate user can't checkout if they have 0 item on cart",
              "fullTitle": "Invalid Checkout Validate user can't checkout if they have 0 item on cart",
              "timedOut": null,
              "duration": 5456,
              "state": "failed",
              "speed": null,
              "pass": false,
              "fail": true,
              "pending": false,
              "context": null,
              "code": "cy.wrap(username).each(username => {\n  cy.loginToApp(username, \"secret_sauce\");\n  cy.get(\".shopping_cart_link\").click();\n  cy.contains(\"Checkout\").click();\n  cy.url().should(\"eq\", \"https://www.saucedemo.com/cart.html\");\n  cy.then(Cypress.session.clearCurrentSessionData);\n});",
              "err": {
                "message": "AssertionError: Timed out retrying after 4000ms: expected 'https://www.saucedemo.com/checkout-step-one.html' to equal 'https://www.saucedemo.com/cart.html'",
                "estack": "AssertionError: Timed out retrying after 4000ms: expected 'https://www.saucedemo.com/checkout-step-one.html' to equal 'https://www.saucedemo.com/cart.html'\n    at Context.eval (webpack://swag-labs-testing/./cypress/e2e/checkout.test.js:122:15)",
                "diff": "- 'https://www.saucedemo.com/checkout-step-one.html'\n+ 'https://www.saucedemo.com/cart.html'\n"
              },
              "uuid": "42d24125-330d-46d2-8a2a-5c01a5733f76",
              "parentUUID": "587024b1-1f73-487c-ac12-24814eae9070",
              "isHook": false,
              "skipped": false
            },
            {
              "title": "Provide empty first name in checkout form",
              "fullTitle": "Invalid Checkout Provide empty first name in checkout form",
              "timedOut": null,
              "duration": 3131,
              "state": "passed",
              "speed": "fast",
              "pass": true,
              "fail": false,
              "pending": false,
              "context": null,
              "code": "const user = {\n  firstName: \"\",\n  lastName: \"كارتر\",\n  postalCode: \"1234\"\n};\ncy.wrap(username).each(username => {\n  cy.loginToApp(username, \"secret_sauce\");\n  _homePage.onHomePage.addToCart(3).then(({\n    _itemsName,\n    _itemsPrice\n  }) => {\n    cy.get(\".shopping_cart_link\").click();\n    _cartPage.onCartPage.checkProductList(_itemsName, _itemsPrice);\n    cy.contains(\"Checkout\").click();\n    _checkoutPage.onCheckoutPage.submitForm(user, \"skipFirstName\");\n  });\n  cy.then(Cypress.session.clearCurrentSessionData);\n});",
              "err": {},
              "uuid": "bae4c230-8422-4cdf-be3a-7815f950bef4",
              "parentUUID": "587024b1-1f73-487c-ac12-24814eae9070",
              "isHook": false,
              "skipped": false
            },
            {
              "title": "Provide empty last name in checkout form",
              "fullTitle": "Invalid Checkout Provide empty last name in checkout form",
              "timedOut": null,
              "duration": 2353,
              "state": "passed",
              "speed": "fast",
              "pass": true,
              "fail": false,
              "pending": false,
              "context": null,
              "code": "const user = {\n  firstName: \"John\",\n  lastName: \"\",\n  postalCode: \"1234\"\n};\ncy.wrap(username).each(username => {\n  cy.loginToApp(username, \"secret_sauce\");\n  _homePage.onHomePage.addToCart(3).then(({\n    _itemsName,\n    _itemsPrice\n  }) => {\n    cy.get(\".shopping_cart_link\").click();\n    _cartPage.onCartPage.checkProductList(_itemsName, _itemsPrice);\n    cy.contains(\"Checkout\").click();\n    _checkoutPage.onCheckoutPage.submitForm(user, \"skipLastName\");\n  });\n  cy.then(Cypress.session.clearCurrentSessionData);\n});",
              "err": {},
              "uuid": "958599be-a1fe-4737-9a1c-d709b6c26451",
              "parentUUID": "587024b1-1f73-487c-ac12-24814eae9070",
              "isHook": false,
              "skipped": false
            },
            {
              "title": "Provide empty zip/postal code in checkout form",
              "fullTitle": "Invalid Checkout Provide empty zip/postal code in checkout form",
              "timedOut": null,
              "duration": 2269,
              "state": "passed",
              "speed": "fast",
              "pass": true,
              "fail": false,
              "pending": false,
              "context": null,
              "code": "const user = {\n  firstName: \"John\",\n  lastName: \"Doe\",\n  postalCode: \"\"\n};\ncy.wrap(username).each(username => {\n  cy.loginToApp(username, \"secret_sauce\");\n  _homePage.onHomePage.addToCart(3).then(({\n    _itemsName,\n    _itemsPrice\n  }) => {\n    cy.get(\".shopping_cart_link\").click();\n    _cartPage.onCartPage.checkProductList(_itemsName, _itemsPrice);\n    cy.contains(\"Checkout\").click();\n    _checkoutPage.onCheckoutPage.submitForm(user, \"skipPostalCode\");\n  });\n  cy.then(Cypress.session.clearCurrentSessionData);\n});",
              "err": {},
              "uuid": "216c5dd6-0509-43b4-9246-988cb159b6fb",
              "parentUUID": "587024b1-1f73-487c-ac12-24814eae9070",
              "isHook": false,
              "skipped": false
            }
          ],
          "suites": [],
          "passes": [
            "bae4c230-8422-4cdf-be3a-7815f950bef4",
            "958599be-a1fe-4737-9a1c-d709b6c26451",
            "216c5dd6-0509-43b4-9246-988cb159b6fb"
          ],
          "failures": [
            "42d24125-330d-46d2-8a2a-5c01a5733f76"
          ],
          "pending": [],
          "skipped": [],
          "duration": 13209,
          "root": false,
          "rootEmpty": false,
          "_timeout": 2000
        }
      ],
      "passes": [],
      "failures": [],
      "pending": [],
      "skipped": [],
      "duration": 0,
      "root": true,
      "rootEmpty": true,
      "_timeout": 2000
    },
    {
      "uuid": "01495a90-056a-433f-820a-3719c915fbfe",
      "title": "",
      "fullFile": "cypress\\e2e\\home.test.js",
      "file": "cypress\\e2e\\home.test.js",
      "beforeHooks": [],
      "afterHooks": [],
      "tests": [],
      "suites": [
        {
          "uuid": "cb5ef8a6-7d01-47b4-bea7-6a27668f849f",
          "title": "Homepage",
          "fullFile": "",
          "file": "",
          "beforeHooks": [],
          "afterHooks": [],
          "tests": [
            {
              "title": "Verify user can see product list with price, title, description, and 'Add to Cart' button",
              "fullTitle": "Homepage Verify user can see product list with price, title, description, and 'Add to Cart' button",
              "timedOut": null,
              "duration": 3147,
              "state": "passed",
              "speed": "fast",
              "pass": true,
              "fail": false,
              "pending": false,
              "context": null,
              "code": "cy.wrap(username).each(username => {\n  cy.loginToApp(username, \"secret_sauce\");\n  _homePage.onHomePage.checkProductList();\n  cy.then(Cypress.session.clearCurrentSessionData);\n});",
              "err": {},
              "uuid": "fd3bf613-edca-4856-bb65-3209c435d601",
              "parentUUID": "cb5ef8a6-7d01-47b4-bea7-6a27668f849f",
              "isHook": false,
              "skipped": false
            },
            {
              "title": "Verify user can sort product",
              "fullTitle": "Homepage Verify user can sort product",
              "timedOut": null,
              "duration": 3145,
              "state": "passed",
              "speed": "fast",
              "pass": true,
              "fail": false,
              "pending": false,
              "context": null,
              "code": "cy.wrap(username).each(username => {\n  cy.loginToApp(username, \"secret_sauce\");\n  _homePage.onHomePage.sortProduct();\n  cy.then(Cypress.session.clearCurrentSessionData);\n});",
              "err": {},
              "uuid": "06b8a6b5-f1b9-4657-8530-d713e60a160c",
              "parentUUID": "cb5ef8a6-7d01-47b4-bea7-6a27668f849f",
              "isHook": false,
              "skipped": false
            }
          ],
          "suites": [],
          "passes": [
            "fd3bf613-edca-4856-bb65-3209c435d601",
            "06b8a6b5-f1b9-4657-8530-d713e60a160c"
          ],
          "failures": [],
          "pending": [],
          "skipped": [],
          "duration": 6292,
          "root": false,
          "rootEmpty": false,
          "_timeout": 2000
        }
      ],
      "passes": [],
      "failures": [],
      "pending": [],
      "skipped": [],
      "duration": 0,
      "root": true,
      "rootEmpty": true,
      "_timeout": 2000
    },
    {
      "uuid": "d3fa7c65-ff4f-4f22-af52-a0aa21111598",
      "title": "",
      "fullFile": "cypress\\e2e\\login.test.js",
      "file": "cypress\\e2e\\login.test.js",
      "beforeHooks": [],
      "afterHooks": [],
      "tests": [],
      "suites": [
        {
          "uuid": "018ede43-fccf-4c76-9fec-411b099dac2d",
          "title": "Valid Login",
          "fullFile": "",
          "file": "",
          "beforeHooks": [],
          "afterHooks": [],
          "tests": [
            {
              "title": "Login with valid username & password",
              "fullTitle": "Valid Login Login with valid username & password",
              "timedOut": null,
              "duration": 1614,
              "state": "passed",
              "speed": "fast",
              "pass": true,
              "fail": false,
              "pending": false,
              "context": null,
              "code": "cy.wrap(username).each(username => {\n  cy.loginToApp(username, \"secret_sauce\");\n  cy.url().should(\"eq\", \"https://www.saucedemo.com/inventory.html\");\n  cy.then(Cypress.session.clearCurrentSessionData);\n});",
              "err": {},
              "uuid": "a0156385-b41b-4874-9390-86a085927d0f",
              "parentUUID": "018ede43-fccf-4c76-9fec-411b099dac2d",
              "isHook": false,
              "skipped": false
            },
            {
              "title": "Logout",
              "fullTitle": "Valid Login Logout",
              "timedOut": null,
              "duration": 1509,
              "state": "passed",
              "speed": "fast",
              "pass": true,
              "fail": false,
              "pending": false,
              "context": null,
              "code": "cy.wrap(username).each(username => {\n  cy.loginToApp(username, \"secret_sauce\");\n  cy.get(\".bm-burger-button\").click();\n  cy.contains(\"Logout\").click();\n});",
              "err": {},
              "uuid": "b1f64f57-270b-42e2-ab9e-290e3539af1f",
              "parentUUID": "018ede43-fccf-4c76-9fec-411b099dac2d",
              "isHook": false,
              "skipped": false
            }
          ],
          "suites": [],
          "passes": [
            "a0156385-b41b-4874-9390-86a085927d0f",
            "b1f64f57-270b-42e2-ab9e-290e3539af1f"
          ],
          "failures": [],
          "pending": [],
          "skipped": [],
          "duration": 3123,
          "root": false,
          "rootEmpty": false,
          "_timeout": 2000
        },
        {
          "uuid": "b73185fe-3a54-453a-beaf-9d1414d00e61",
          "title": "Invalid Login",
          "fullFile": "",
          "file": "",
          "beforeHooks": [],
          "afterHooks": [],
          "tests": [
            {
              "title": "Login with empty username",
              "fullTitle": "Invalid Login Login with empty username",
              "timedOut": null,
              "duration": 1027,
              "state": "passed",
              "speed": "fast",
              "pass": true,
              "fail": false,
              "pending": false,
              "context": null,
              "code": "cy.loginToApp(\"\", \"secret_sauce\");\ncy.get(\"[data-test='error']\").should(\"contain\", \"Username is required\");",
              "err": {},
              "uuid": "631fbab4-2aeb-4db6-8489-2e2e0c503fbb",
              "parentUUID": "b73185fe-3a54-453a-beaf-9d1414d00e61",
              "isHook": false,
              "skipped": false
            },
            {
              "title": "Login with empty password",
              "fullTitle": "Invalid Login Login with empty password",
              "timedOut": null,
              "duration": 968,
              "state": "passed",
              "speed": "fast",
              "pass": true,
              "fail": false,
              "pending": false,
              "context": null,
              "code": "cy.loginToApp(\"standard_user\", \"\");\ncy.get(\"[data-test='error']\").should(\"contain\", \"Password is required\");",
              "err": {},
              "uuid": "52822330-7bda-4a71-8733-ee4ac2464064",
              "parentUUID": "b73185fe-3a54-453a-beaf-9d1414d00e61",
              "isHook": false,
              "skipped": false
            },
            {
              "title": "Login with invalid username or password",
              "fullTitle": "Invalid Login Login with invalid username or password",
              "timedOut": null,
              "duration": 1223,
              "state": "passed",
              "speed": "fast",
              "pass": true,
              "fail": false,
              "pending": false,
              "context": null,
              "code": "cy.loginToApp(\"standard_user\", \"asdadsad\");\ncy.get(\"[data-test='error']\").should(\"contain\", \"Username and password do not match any user in this service\");",
              "err": {},
              "uuid": "a75f123d-ba7b-4ad2-800b-e2f26cf3482c",
              "parentUUID": "b73185fe-3a54-453a-beaf-9d1414d00e61",
              "isHook": false,
              "skipped": false
            },
            {
              "title": "Login with locked out account",
              "fullTitle": "Invalid Login Login with locked out account",
              "timedOut": null,
              "duration": 1298,
              "state": "passed",
              "speed": "fast",
              "pass": true,
              "fail": false,
              "pending": false,
              "context": null,
              "code": "cy.loginToApp(\"locked_out_user\", \"secret_sauce\");\ncy.get(\"[data-test='error']\").should(\"contain\", \"Sorry, this user has been locked out.\");",
              "err": {},
              "uuid": "50066944-105a-4bbb-bd84-2153fb396809",
              "parentUUID": "b73185fe-3a54-453a-beaf-9d1414d00e61",
              "isHook": false,
              "skipped": false
            }
          ],
          "suites": [],
          "passes": [
            "631fbab4-2aeb-4db6-8489-2e2e0c503fbb",
            "52822330-7bda-4a71-8733-ee4ac2464064",
            "a75f123d-ba7b-4ad2-800b-e2f26cf3482c",
            "50066944-105a-4bbb-bd84-2153fb396809"
          ],
          "failures": [],
          "pending": [],
          "skipped": [],
          "duration": 4516,
          "root": false,
          "rootEmpty": false,
          "_timeout": 2000
        }
      ],
      "passes": [],
      "failures": [],
      "pending": [],
      "skipped": [],
      "duration": 0,
      "root": true,
      "rootEmpty": true,
      "_timeout": 2000
    },
    {
      "uuid": "9d855465-8fc8-4242-95d0-8aaa76c259cb",
      "title": "",
      "fullFile": "cypress\\e2e\\bypassing_to_main_pages.test.js",
      "file": "cypress\\e2e\\bypassing_to_main_pages.test.js",
      "beforeHooks": [],
      "afterHooks": [],
      "tests": [],
      "suites": [
        {
          "uuid": "60c99e1b-c88d-46f4-8e16-9a7b217f2ac3",
          "title": "Bypass to Main Pages Without Login",
          "fullFile": "",
          "file": "",
          "beforeHooks": [],
          "afterHooks": [],
          "tests": [
            {
              "title": "Bypass Homepage",
              "fullTitle": "Bypass to Main Pages Without Login Bypass Homepage",
              "timedOut": null,
              "duration": 1213,
              "state": "passed",
              "speed": "fast",
              "pass": true,
              "fail": false,
              "pending": false,
              "context": null,
              "code": "cy.visit(\"/inventory.html\", {\n  failOnStatusCode: false\n});\ncy.get(\"[data-test='error']\").should(\"contain\", \"You can only access '/inventory.html' when you are logged in.\");",
              "err": {},
              "uuid": "fcc54292-e40c-47b9-b47c-0ff75e78402f",
              "parentUUID": "60c99e1b-c88d-46f4-8e16-9a7b217f2ac3",
              "isHook": false,
              "skipped": false
            },
            {
              "title": "Bypass Product Detail",
              "fullTitle": "Bypass to Main Pages Without Login Bypass Product Detail",
              "timedOut": null,
              "duration": 168,
              "state": "passed",
              "speed": "fast",
              "pass": true,
              "fail": false,
              "pending": false,
              "context": null,
              "code": "cy.visit(\"/inventory-item.html?id=4\", {\n  failOnStatusCode: false\n});\ncy.get(\"[data-test='error']\").should(\"contain\", \"You can only access '/inventory-item.html' when you are logged in\");",
              "err": {},
              "uuid": "3df0448a-7e8e-4c5d-8f93-0d0a25396b96",
              "parentUUID": "60c99e1b-c88d-46f4-8e16-9a7b217f2ac3",
              "isHook": false,
              "skipped": false
            },
            {
              "title": "Bypass Cart",
              "fullTitle": "Bypass to Main Pages Without Login Bypass Cart",
              "timedOut": null,
              "duration": 220,
              "state": "passed",
              "speed": "fast",
              "pass": true,
              "fail": false,
              "pending": false,
              "context": null,
              "code": "cy.visit(\"/cart.html\", {\n  failOnStatusCode: false\n});\ncy.get(\"[data-test='error']\").should(\"contain\", \"You can only access '/cart.html' when you are logged in\");",
              "err": {},
              "uuid": "6d549d2a-acef-4a5d-b4c2-2f0786e802c3",
              "parentUUID": "60c99e1b-c88d-46f4-8e16-9a7b217f2ac3",
              "isHook": false,
              "skipped": false
            }
          ],
          "suites": [],
          "passes": [
            "fcc54292-e40c-47b9-b47c-0ff75e78402f",
            "3df0448a-7e8e-4c5d-8f93-0d0a25396b96",
            "6d549d2a-acef-4a5d-b4c2-2f0786e802c3"
          ],
          "failures": [],
          "pending": [],
          "skipped": [],
          "duration": 1601,
          "root": false,
          "rootEmpty": false,
          "_timeout": 2000
        }
      ],
      "passes": [],
      "failures": [],
      "pending": [],
      "skipped": [],
      "duration": 0,
      "root": true,
      "rootEmpty": true,
      "_timeout": 2000
    }
  ],
  "meta": {
    "mocha": {
      "version": "7.0.1"
    },
    "mochawesome": {
      "options": {
        "quiet": false,
        "reportFilename": "mochawesome",
        "saveHtml": false,
        "saveJson": true,
        "consoleReporter": "spec",
        "useInlineDiffs": false,
        "code": true
      },
      "version": "7.1.3"
    },
    "marge": {
      "options": {
        "id": "default",
        "reportDir": "cypress/results/mochawesome",
        "overwrite": false,
        "html": false,
        "json": true
      },
      "version": "6.2.0"
    }
  }
}