{
  "stats": {
    "suites": 2,
    "tests": 6,
    "passes": 6,
    "pending": 0,
    "failures": 0,
    "start": "2024-12-09T05:33:02.369Z",
    "end": "2024-12-09T05:33:15.017Z",
    "duration": 12648,
    "testsRegistered": 6,
    "passPercent": 100,
    "pendingPercent": 0,
    "other": 0,
    "hasOther": false,
    "skipped": 0,
    "hasSkipped": false
  },
  "results": [
    {
      "uuid": "477040d0-a929-44b6-beff-d2b60cba31c6",
      "title": "",
      "fullFile": "cypress\\e2e\\login.test.js",
      "file": "cypress\\e2e\\login.test.js",
      "beforeHooks": [],
      "afterHooks": [],
      "tests": [],
      "suites": [
        {
          "uuid": "dc3954b4-60c8-4b06-9c82-cc46ac890246",
          "title": "Valid Login",
          "fullFile": "",
          "file": "",
          "beforeHooks": [],
          "afterHooks": [],
          "tests": [
            {
              "title": "Login with valid username & password",
              "fullTitle": "Valid Login Login with valid username & password",
              "timedOut": null,
              "duration": 5389,
              "state": "passed",
              "speed": "medium",
              "pass": true,
              "fail": false,
              "pending": false,
              "context": null,
              "code": "cy.wrap(username).each(username => {\n  cy.loginToApp(username, \"secret_sauce\");\n  cy.url().should(\"eq\", \"https://www.saucedemo.com/inventory.html\");\n  cy.then(Cypress.session.clearCurrentSessionData);\n});",
              "err": {},
              "uuid": "a2ba90a9-eb30-4eae-a57f-a51d5c4b084f",
              "parentUUID": "dc3954b4-60c8-4b06-9c82-cc46ac890246",
              "isHook": false,
              "skipped": false
            },
            {
              "title": "Logout",
              "fullTitle": "Valid Login Logout",
              "timedOut": null,
              "duration": 1707,
              "state": "passed",
              "speed": "fast",
              "pass": true,
              "fail": false,
              "pending": false,
              "context": null,
              "code": "cy.wrap(username).each(username => {\n  cy.loginToApp(username, \"secret_sauce\");\n  cy.get(\".bm-burger-button\").click();\n  cy.contains(\"Logout\").click();\n});",
              "err": {},
              "uuid": "a6e95045-9550-4604-8eb6-4f6e00e60bd8",
              "parentUUID": "dc3954b4-60c8-4b06-9c82-cc46ac890246",
              "isHook": false,
              "skipped": false
            }
          ],
          "suites": [],
          "passes": [
            "a2ba90a9-eb30-4eae-a57f-a51d5c4b084f",
            "a6e95045-9550-4604-8eb6-4f6e00e60bd8"
          ],
          "failures": [],
          "pending": [],
          "skipped": [],
          "duration": 7096,
          "root": false,
          "rootEmpty": false,
          "_timeout": 2000
        },
        {
          "uuid": "d7560838-06ec-400c-aecf-a2cb3d8ced38",
          "title": "Invalid Login",
          "fullFile": "",
          "file": "",
          "beforeHooks": [],
          "afterHooks": [],
          "tests": [
            {
              "title": "Login with empty username",
              "fullTitle": "Invalid Login Login with empty username",
              "timedOut": null,
              "duration": 1390,
              "state": "passed",
              "speed": "fast",
              "pass": true,
              "fail": false,
              "pending": false,
              "context": null,
              "code": "cy.loginToApp(\"\", \"secret_sauce\");\ncy.get(\"[data-test='error']\").should(\"contain\", \"Username is required\");",
              "err": {},
              "uuid": "f7c65e2e-f9fb-42aa-a5f4-cfdf1b67dbd9",
              "parentUUID": "d7560838-06ec-400c-aecf-a2cb3d8ced38",
              "isHook": false,
              "skipped": false
            },
            {
              "title": "Login with empty password",
              "fullTitle": "Invalid Login Login with empty password",
              "timedOut": null,
              "duration": 1137,
              "state": "passed",
              "speed": "fast",
              "pass": true,
              "fail": false,
              "pending": false,
              "context": null,
              "code": "cy.loginToApp(\"standard_user\", \"\");\ncy.get(\"[data-test='error']\").should(\"contain\", \"Password is required\");",
              "err": {},
              "uuid": "b7f309f7-a93e-47e4-ac60-6ed375701c9f",
              "parentUUID": "d7560838-06ec-400c-aecf-a2cb3d8ced38",
              "isHook": false,
              "skipped": false
            },
            {
              "title": "Login with invalid username or password",
              "fullTitle": "Invalid Login Login with invalid username or password",
              "timedOut": null,
              "duration": 1421,
              "state": "passed",
              "speed": "fast",
              "pass": true,
              "fail": false,
              "pending": false,
              "context": null,
              "code": "cy.loginToApp(\"standard_user\", \"asdadsad\");\ncy.get(\"[data-test='error']\").should(\"contain\", \"Username and password do not match any user in this service\");",
              "err": {},
              "uuid": "f37215d9-a442-4789-994b-6ac391ff1013",
              "parentUUID": "d7560838-06ec-400c-aecf-a2cb3d8ced38",
              "isHook": false,
              "skipped": false
            },
            {
              "title": "Login with locked out account",
              "fullTitle": "Invalid Login Login with locked out account",
              "timedOut": null,
              "duration": 1445,
              "state": "passed",
              "speed": "fast",
              "pass": true,
              "fail": false,
              "pending": false,
              "context": null,
              "code": "cy.loginToApp(\"locked_out_user\", \"secret_sauce\");\ncy.get(\"[data-test='error']\").should(\"contain\", \"Sorry, this user has been locked out.\");",
              "err": {},
              "uuid": "7991510b-e07c-464c-a7e7-9c62186347c8",
              "parentUUID": "d7560838-06ec-400c-aecf-a2cb3d8ced38",
              "isHook": false,
              "skipped": false
            }
          ],
          "suites": [],
          "passes": [
            "f7c65e2e-f9fb-42aa-a5f4-cfdf1b67dbd9",
            "b7f309f7-a93e-47e4-ac60-6ed375701c9f",
            "f37215d9-a442-4789-994b-6ac391ff1013",
            "7991510b-e07c-464c-a7e7-9c62186347c8"
          ],
          "failures": [],
          "pending": [],
          "skipped": [],
          "duration": 5393,
          "root": false,
          "rootEmpty": false,
          "_timeout": 2000
        }
      ],
      "passes": [],
      "failures": [],
      "pending": [],
      "skipped": [],
      "duration": 0,
      "root": true,
      "rootEmpty": true,
      "_timeout": 2000
    }
  ],
  "meta": {
    "mocha": {
      "version": "7.0.1"
    },
    "mochawesome": {
      "options": {
        "quiet": false,
        "reportFilename": "mochawesome",
        "saveHtml": false,
        "saveJson": true,
        "consoleReporter": "spec",
        "useInlineDiffs": false,
        "code": true
      },
      "version": "7.1.3"
    },
    "marge": {
      "options": {
        "id": "default",
        "reportDir": "cypress/results/mochawesome",
        "overwrite": false,
        "html": false,
        "json": true
      },
      "version": "6.2.0"
    }
  }
}