{
  "stats": {
    "suites": 1,
    "tests": 1,
    "passes": 1,
    "pending": 0,
    "failures": 0,
    "start": "2024-12-09T05:32:56.564Z",
    "end": "2024-12-09T05:33:00.846Z",
    "duration": 4282,
    "testsRegistered": 1,
    "passPercent": 100,
    "pendingPercent": 0,
    "other": 0,
    "hasOther": false,
    "skipped": 0,
    "hasSkipped": false
  },
  "results": [
    {
      "uuid": "1b7c0d43-e005-4730-bcdb-508e36aa88e1",
      "title": "",
      "fullFile": "cypress\\e2e\\home.test.js",
      "file": "cypress\\e2e\\home.test.js",
      "beforeHooks": [],
      "afterHooks": [],
      "tests": [],
      "suites": [
        {
          "uuid": "805fe91d-6e78-480b-8fa2-b81f7becc7f7",
          "title": "Homepage",
          "fullFile": "",
          "file": "",
          "beforeHooks": [],
          "afterHooks": [],
          "tests": [
            {
              "title": "Verify user can sort product",
              "fullTitle": "Homepage Verify user can sort product",
              "timedOut": null,
              "duration": 4213,
              "state": "passed",
              "speed": "fast",
              "pass": true,
              "fail": false,
              "pending": false,
              "context": null,
              "code": "cy.wrap(username).each(username => {\n  cy.loginToApp(username, \"secret_sauce\");\n  _homePage.onHomePage.sortProduct();\n  cy.then(Cypress.session.clearCurrentSessionData);\n});",
              "err": {},
              "uuid": "c1361c1e-4fd6-4b33-902c-53a520420fc1",
              "parentUUID": "805fe91d-6e78-480b-8fa2-b81f7becc7f7",
              "isHook": false,
              "skipped": false
            }
          ],
          "suites": [],
          "passes": [
            "c1361c1e-4fd6-4b33-902c-53a520420fc1"
          ],
          "failures": [],
          "pending": [],
          "skipped": [],
          "duration": 4213,
          "root": false,
          "rootEmpty": false,
          "_timeout": 2000
        }
      ],
      "passes": [],
      "failures": [],
      "pending": [],
      "skipped": [],
      "duration": 0,
      "root": true,
      "rootEmpty": true,
      "_timeout": 2000
    }
  ],
  "meta": {
    "mocha": {
      "version": "7.0.1"
    },
    "mochawesome": {
      "options": {
        "quiet": false,
        "reportFilename": "mochawesome",
        "saveHtml": false,
        "saveJson": true,
        "consoleReporter": "spec",
        "useInlineDiffs": false,
        "code": true
      },
      "version": "7.1.3"
    },
    "marge": {
      "options": {
        "id": "default",
        "reportDir": "cypress/results/mochawesome",
        "overwrite": false,
        "html": false,
        "json": true
      },
      "version": "6.2.0"
    }
  }
}