{
  "stats": {
    "suites": 1,
    "tests": 3,
    "passes": 3,
    "pending": 0,
    "failures": 0,
    "start": "2024-12-09T05:25:26.855Z",
    "end": "2024-12-09T05:25:31.136Z",
    "duration": 4281,
    "testsRegistered": 3,
    "passPercent": 100,
    "pendingPercent": 0,
    "other": 0,
    "hasOther": false,
    "skipped": 0,
    "hasSkipped": false
  },
  "results": [
    {
      "uuid": "0ba506ae-8aef-41ce-9240-5d8a06450e1d",
      "title": "",
      "fullFile": "cypress\\e2e\\bypassing_to_main_pages.test.js",
      "file": "cypress\\e2e\\bypassing_to_main_pages.test.js",
      "beforeHooks": [],
      "afterHooks": [],
      "tests": [],
      "suites": [
        {
          "uuid": "239d74bc-702e-4ed7-98aa-b01e4c425f60",
          "title": "Bypass to Main Pages Without Login",
          "fullFile": "",
          "file": "",
          "beforeHooks": [],
          "afterHooks": [],
          "tests": [
            {
              "title": "Bypass Homepage",
              "fullTitle": "Bypass to Main Pages Without Login Bypass Homepage",
              "timedOut": null,
              "duration": 3104,
              "state": "passed",
              "speed": "fast",
              "pass": true,
              "fail": false,
              "pending": false,
              "context": null,
              "code": "cy.visit(\"/inventory.html\", {\n  failOnStatusCode: false\n});\ncy.get(\"[data-test='error']\").should(\"contain\", \"You can only access '/inventory.html' when you are logged in.\");",
              "err": {},
              "uuid": "a306ec1e-b6e7-4212-9b35-2e8f4b0243b2",
              "parentUUID": "239d74bc-702e-4ed7-98aa-b01e4c425f60",
              "isHook": false,
              "skipped": false
            },
            {
              "title": "Bypass Product Detail",
              "fullTitle": "Bypass to Main Pages Without Login Bypass Product Detail",
              "timedOut": null,
              "duration": 622,
              "state": "passed",
              "speed": "fast",
              "pass": true,
              "fail": false,
              "pending": false,
              "context": null,
              "code": "cy.visit(\"/inventory-item.html?id=4\", {\n  failOnStatusCode: false\n});\ncy.get(\"[data-test='error']\").should(\"contain\", \"You can only access '/inventory-item.html' when you are logged in\");",
              "err": {},
              "uuid": "7397959d-1ae3-42d9-9417-88edc75e46bf",
              "parentUUID": "239d74bc-702e-4ed7-98aa-b01e4c425f60",
              "isHook": false,
              "skipped": false
            },
            {
              "title": "Bypass Cart",
              "fullTitle": "Bypass to Main Pages Without Login Bypass Cart",
              "timedOut": null,
              "duration": 481,
              "state": "passed",
              "speed": "fast",
              "pass": true,
              "fail": false,
              "pending": false,
              "context": null,
              "code": "cy.visit(\"/cart.html\", {\n  failOnStatusCode: false\n});\ncy.get(\"[data-test='error']\").should(\"contain\", \"You can only access '/cart.html' when you are logged in\");",
              "err": {},
              "uuid": "803e5101-3955-4110-9f4a-dcfb3dde6abb",
              "parentUUID": "239d74bc-702e-4ed7-98aa-b01e4c425f60",
              "isHook": false,
              "skipped": false
            }
          ],
          "suites": [],
          "passes": [
            "a306ec1e-b6e7-4212-9b35-2e8f4b0243b2",
            "7397959d-1ae3-42d9-9417-88edc75e46bf",
            "803e5101-3955-4110-9f4a-dcfb3dde6abb"
          ],
          "failures": [],
          "pending": [],
          "skipped": [],
          "duration": 4207,
          "root": false,
          "rootEmpty": false,
          "_timeout": 2000
        }
      ],
      "passes": [],
      "failures": [],
      "pending": [],
      "skipped": [],
      "duration": 0,
      "root": true,
      "rootEmpty": true,
      "_timeout": 2000
    }
  ],
  "meta": {
    "mocha": {
      "version": "7.0.1"
    },
    "mochawesome": {
      "options": {
        "quiet": false,
        "reportFilename": "mochawesome",
        "saveHtml": false,
        "saveJson": true,
        "consoleReporter": "spec",
        "useInlineDiffs": false,
        "code": true
      },
      "version": "7.1.3"
    },
    "marge": {
      "options": {
        "id": "default",
        "reportDir": "cypress/results/mochawesome",
        "overwrite": false,
        "html": false,
        "json": true
      },
      "version": "6.2.0"
    }
  }
}