<?xml version="1.0" encoding="UTF-8"?>
<testsuites name="Mocha Tests" time="247.415" tests="5" failures="4">
  <testsuite name="Root Suite" timestamp="2024-12-09T05:25:35" tests="0" file="cypress\e2e\cart.test.js" time="0.000" failures="0">
  </testsuite>
  <testsuite name="Valid Cart" timestamp="2024-12-09T05:25:35" tests="5" time="247.409" failures="4">
    <testcase name="Valid Cart Validate user can add item to cart" time="6.129" classname="Validate user can add item to cart">
    </testcase>
    <testcase name="Valid Cart Validate user can remove item from cart in home page" time="0.000" classname="Validate user can remove item from cart in home page">
      <failure message="Timed out after waiting `60000ms` for your remote page to load.

Your page did not fire its `load` event within `60000ms`.

You can try increasing the `pageLoadTimeout` value in `cypress.config.js` to wait longer.

Browsers will not fire the `load` event until all stylesheets and scripts are done downloading.

When this `load` event occurs, Cypress will continue running commands." type="CypressError"><![CDATA[CypressError: Timed out after waiting `60000ms` for your remote page to load.

Your page did not fire its `load` event within `60000ms`.

You can try increasing the `pageLoadTimeout` value in `cypress.config.js` to wait longer.

Browsers will not fire the `load` event until all stylesheets and scripts are done downloading.

When this `load` event occurs, Cypress will continue running commands.
    at timedOutWaitingForPageLoad (https://www.saucedemo.com/__cypress/runner/cypress_runner.js:130482:64)
    at <unknown> (https://www.saucedemo.com/__cypress/runner/cypress_runner.js:131467:16)
    at tryCatcher (https://www.saucedemo.com/__cypress/runner/cypress_runner.js:1807:23)
    at <unknown> (https://www.saucedemo.com/__cypress/runner/cypress_runner.js:4186:41)
    at tryCatcher (https://www.saucedemo.com/__cypress/runner/cypress_runner.js:1807:23)
    at Promise._settlePromiseFromHandler (https://www.saucedemo.com/__cypress/runner/cypress_runner.js:1519:31)
    at Promise._settlePromise (https://www.saucedemo.com/__cypress/runner/cypress_runner.js:1576:18)
    at Promise._settlePromise0 (https://www.saucedemo.com/__cypress/runner/cypress_runner.js:1621:10)
    at Promise._settlePromises (https://www.saucedemo.com/__cypress/runner/cypress_runner.js:1697:18)
    at _drainQueueStep (https://www.saucedemo.com/__cypress/runner/cypress_runner.js:2407:12)
    at _drainQueue (https://www.saucedemo.com/__cypress/runner/cypress_runner.js:2400:9)
    at Async._drainQueues (https://www.saucedemo.com/__cypress/runner/cypress_runner.js:2416:5)
    at Async.drainQueues (https://www.saucedemo.com/__cypress/runner/cypress_runner.js:2286:14)
From Your Spec Code:
    at Context.eval (webpack://swag-labs-testing/./cypress/support/commands.js:29:5)]]></failure>
    </testcase>
    <testcase name="Valid Cart Validate user can remove item from cart in cart page" time="0.000" classname="Validate user can remove item from cart in cart page">
      <failure message="Timed out after waiting `60000ms` for your remote page to load.

Your page did not fire its `load` event within `60000ms`.

You can try increasing the `pageLoadTimeout` value in `cypress.config.js` to wait longer.

Browsers will not fire the `load` event until all stylesheets and scripts are done downloading.

When this `load` event occurs, Cypress will continue running commands." type="CypressError"><![CDATA[CypressError: Timed out after waiting `60000ms` for your remote page to load.

Your page did not fire its `load` event within `60000ms`.

You can try increasing the `pageLoadTimeout` value in `cypress.config.js` to wait longer.

Browsers will not fire the `load` event until all stylesheets and scripts are done downloading.

When this `load` event occurs, Cypress will continue running commands.
    at timedOutWaitingForPageLoad (https://www.saucedemo.com/__cypress/runner/cypress_runner.js:130482:64)
    at <unknown> (https://www.saucedemo.com/__cypress/runner/cypress_runner.js:131467:16)
    at tryCatcher (https://www.saucedemo.com/__cypress/runner/cypress_runner.js:1807:23)
    at <unknown> (https://www.saucedemo.com/__cypress/runner/cypress_runner.js:4186:41)
    at tryCatcher (https://www.saucedemo.com/__cypress/runner/cypress_runner.js:1807:23)
    at Promise._settlePromiseFromHandler (https://www.saucedemo.com/__cypress/runner/cypress_runner.js:1519:31)
    at Promise._settlePromise (https://www.saucedemo.com/__cypress/runner/cypress_runner.js:1576:18)
    at Promise._settlePromise0 (https://www.saucedemo.com/__cypress/runner/cypress_runner.js:1621:10)
    at Promise._settlePromises (https://www.saucedemo.com/__cypress/runner/cypress_runner.js:1697:18)
    at _drainQueueStep (https://www.saucedemo.com/__cypress/runner/cypress_runner.js:2407:12)
    at _drainQueue (https://www.saucedemo.com/__cypress/runner/cypress_runner.js:2400:9)
    at Async._drainQueues (https://www.saucedemo.com/__cypress/runner/cypress_runner.js:2416:5)
    at Async.drainQueues (https://www.saucedemo.com/__cypress/runner/cypress_runner.js:2286:14)
From Your Spec Code:
    at Context.eval (webpack://swag-labs-testing/./cypress/support/commands.js:29:5)]]></failure>
    </testcase>
    <testcase name="Valid Cart Validate user can reset app state after adding item to cart" time="0.000" classname="Validate user can reset app state after adding item to cart">
      <failure message="Timed out after waiting `60000ms` for your remote page to load.

Your page did not fire its `load` event within `60000ms`.

You can try increasing the `pageLoadTimeout` value in `cypress.config.js` to wait longer.

Browsers will not fire the `load` event until all stylesheets and scripts are done downloading.

When this `load` event occurs, Cypress will continue running commands." type="CypressError"><![CDATA[CypressError: Timed out after waiting `60000ms` for your remote page to load.

Your page did not fire its `load` event within `60000ms`.

You can try increasing the `pageLoadTimeout` value in `cypress.config.js` to wait longer.

Browsers will not fire the `load` event until all stylesheets and scripts are done downloading.

When this `load` event occurs, Cypress will continue running commands.
    at timedOutWaitingForPageLoad (https://www.saucedemo.com/__cypress/runner/cypress_runner.js:130482:64)
    at <unknown> (https://www.saucedemo.com/__cypress/runner/cypress_runner.js:131467:16)
    at tryCatcher (https://www.saucedemo.com/__cypress/runner/cypress_runner.js:1807:23)
    at <unknown> (https://www.saucedemo.com/__cypress/runner/cypress_runner.js:4186:41)
    at tryCatcher (https://www.saucedemo.com/__cypress/runner/cypress_runner.js:1807:23)
    at Promise._settlePromiseFromHandler (https://www.saucedemo.com/__cypress/runner/cypress_runner.js:1519:31)
    at Promise._settlePromise (https://www.saucedemo.com/__cypress/runner/cypress_runner.js:1576:18)
    at Promise._settlePromise0 (https://www.saucedemo.com/__cypress/runner/cypress_runner.js:1621:10)
    at Promise._settlePromises (https://www.saucedemo.com/__cypress/runner/cypress_runner.js:1697:18)
    at _drainQueueStep (https://www.saucedemo.com/__cypress/runner/cypress_runner.js:2407:12)
    at _drainQueue (https://www.saucedemo.com/__cypress/runner/cypress_runner.js:2400:9)
    at Async._drainQueues (https://www.saucedemo.com/__cypress/runner/cypress_runner.js:2416:5)
    at Async.drainQueues (https://www.saucedemo.com/__cypress/runner/cypress_runner.js:2286:14)
From Your Spec Code:
    at Context.eval (webpack://swag-labs-testing/./cypress/support/commands.js:29:5)]]></failure>
    </testcase>
    <testcase name="Valid Cart Validate user can remove item from cart in cart page" time="0.000" classname="Validate user can remove item from cart in cart page">
      <failure message="Timed out after waiting `60000ms` for your remote page to load.

Your page did not fire its `load` event within `60000ms`.

You can try increasing the `pageLoadTimeout` value in `cypress.config.js` to wait longer.

Browsers will not fire the `load` event until all stylesheets and scripts are done downloading.

When this `load` event occurs, Cypress will continue running commands." type="CypressError"><![CDATA[CypressError: Timed out after waiting `60000ms` for your remote page to load.

Your page did not fire its `load` event within `60000ms`.

You can try increasing the `pageLoadTimeout` value in `cypress.config.js` to wait longer.

Browsers will not fire the `load` event until all stylesheets and scripts are done downloading.

When this `load` event occurs, Cypress will continue running commands.
    at timedOutWaitingForPageLoad (https://www.saucedemo.com/__cypress/runner/cypress_runner.js:130482:64)
    at <unknown> (https://www.saucedemo.com/__cypress/runner/cypress_runner.js:131467:16)
    at tryCatcher (https://www.saucedemo.com/__cypress/runner/cypress_runner.js:1807:23)
    at <unknown> (https://www.saucedemo.com/__cypress/runner/cypress_runner.js:4186:41)
    at tryCatcher (https://www.saucedemo.com/__cypress/runner/cypress_runner.js:1807:23)
    at Promise._settlePromiseFromHandler (https://www.saucedemo.com/__cypress/runner/cypress_runner.js:1519:31)
    at Promise._settlePromise (https://www.saucedemo.com/__cypress/runner/cypress_runner.js:1576:18)
    at Promise._settlePromise0 (https://www.saucedemo.com/__cypress/runner/cypress_runner.js:1621:10)
    at Promise._settlePromises (https://www.saucedemo.com/__cypress/runner/cypress_runner.js:1697:18)
    at _drainQueueStep (https://www.saucedemo.com/__cypress/runner/cypress_runner.js:2407:12)
    at _drainQueue (https://www.saucedemo.com/__cypress/runner/cypress_runner.js:2400:9)
    at Async._drainQueues (https://www.saucedemo.com/__cypress/runner/cypress_runner.js:2416:5)
    at Async.drainQueues (https://www.saucedemo.com/__cypress/runner/cypress_runner.js:2286:14)
From Your Spec Code:
    at Context.eval (webpack://swag-labs-testing/./cypress/support/commands.js:29:5)]]></failure>
    </testcase>
  </testsuite>
</testsuites>