<?xml version="1.0" encoding="UTF-8"?>
<testsuites name="Mocha Tests" time="12.648" tests="6" failures="0">
  <testsuite name="Root Suite" timestamp="2024-12-09T05:33:02" tests="0" file="cypress\e2e\login.test.js" time="0.000" failures="0">
  </testsuite>
  <testsuite name="Valid Login" timestamp="2024-12-09T05:33:02" tests="2" time="7.150" failures="0">
    <testcase name="Valid Login Login with valid username &amp; password" time="5.389" classname="Login with valid username &amp; password">
    </testcase>
    <testcase name="Valid Login Logout" time="1.707" classname="Logout">
    </testcase>
  </testsuite>
  <testsuite name="Invalid Login" timestamp="2024-12-09T05:33:09" tests="4" time="5.490" failures="0">
    <testcase name="Invalid Login Login with empty username" time="1.390" classname="Login with empty username">
    </testcase>
    <testcase name="Invalid Login Login with empty password" time="1.137" classname="Login with empty password">
    </testcase>
    <testcase name="Invalid Login Login with invalid username or password" time="1.421" classname="Login with invalid username or password">
    </testcase>
    <testcase name="Invalid Login Login with locked out account" time="1.445" classname="Login with locked out account">
    </testcase>
  </testsuite>
</testsuites>