<?xml version="1.0"?>
<testsuites>
<testsuite name="Root Suite" timestamp="2024-12-09T05:25:35" tests="0" file="cypress\e2e\cart.test.js" time="0.000" failures="0"></testsuite>
<testsuite name="Valid Cart" timestamp="2024-12-09T05:25:35" tests="5" time="247.409" failures="4">
  
  <testcase name="Valid Cart Validate user can add item to cart" time="6.129" classname="Validate user can add item to cart"></testcase>
  
  <testcase name="Valid Cart Validate user can remove item from cart in home page" time="0.000" classname="Validate user can remove item from cart in home page">
    
    <failure message="Timed out after waiting `60000ms` for your remote page to load.

Your page did not fire its `load` event within `60000ms`.

You can try increasing the `pageLoadTimeout` value in `cypress.config.js` to wait longer.

Browsers will not fire the `load` event until all stylesheets and scripts are done downloading.

When this `load` event occurs, Cypress will continue running commands." type="CypressError"><![CDATA[CypressError: Timed out after waiting `60000ms` for your remote page to load.

Your page did not fire its `load` event within `60000ms`.

You can try increasing the `pageLoadTimeout` value in `cypress.config.js` to wait longer.

Browsers will not fire the `load` event until all stylesheets and scripts are done downloading.

When this `load` event occurs, Cypress will continue running commands.
    at timedOutWaitingForPageLoad (https://www.saucedemo.com/__cypress/runner/cypress_runner.js:130482:64)
    at <unknown> (https://www.saucedemo.com/__cypress/runner/cypress_runner.js:131467:16)
    at tryCatcher (https://www.saucedemo.com/__cypress/runner/cypress_runner.js:1807:23)
    at <unknown> (https://www.saucedemo.com/__cypress/runner/cypress_runner.js:4186:41)
    at tryCatcher (https://www.saucedemo.com/__cypress/runner/cypress_runner.js:1807:23)
    at Promise._settlePromiseFromHandler (https://www.saucedemo.com/__cypress/runner/cypress_runner.js:1519:31)
    at Promise._settlePromise (https://www.saucedemo.com/__cypress/runner/cypress_runner.js:1576:18)
    at Promise._settlePromise0 (https://www.saucedemo.com/__cypress/runner/cypress_runner.js:1621:10)
    at Promise._settlePromises (https://www.saucedemo.com/__cypress/runner/cypress_runner.js:1697:18)
    at _drainQueueStep (https://www.saucedemo.com/__cypress/runner/cypress_runner.js:2407:12)
    at _drainQueue (https://www.saucedemo.com/__cypress/runner/cypress_runner.js:2400:9)
    at Async._drainQueues (https://www.saucedemo.com/__cypress/runner/cypress_runner.js:2416:5)
    at Async.drainQueues (https://www.saucedemo.com/__cypress/runner/cypress_runner.js:2286:14)
From Your Spec Code:
    at Context.eval (webpack://swag-labs-testing/./cypress/support/commands.js:29:5)]]></failure>
    
  </testcase>
  
  <testcase name="Valid Cart Validate user can remove item from cart in cart page" time="0.000" classname="Validate user can remove item from cart in cart page">
    
    <failure message="Timed out after waiting `60000ms` for your remote page to load.

Your page did not fire its `load` event within `60000ms`.

You can try increasing the `pageLoadTimeout` value in `cypress.config.js` to wait longer.

Browsers will not fire the `load` event until all stylesheets and scripts are done downloading.

When this `load` event occurs, Cypress will continue running commands." type="CypressError"><![CDATA[CypressError: Timed out after waiting `60000ms` for your remote page to load.

Your page did not fire its `load` event within `60000ms`.

You can try increasing the `pageLoadTimeout` value in `cypress.config.js` to wait longer.

Browsers will not fire the `load` event until all stylesheets and scripts are done downloading.

When this `load` event occurs, Cypress will continue running commands.
    at timedOutWaitingForPageLoad (https://www.saucedemo.com/__cypress/runner/cypress_runner.js:130482:64)
    at <unknown> (https://www.saucedemo.com/__cypress/runner/cypress_runner.js:131467:16)
    at tryCatcher (https://www.saucedemo.com/__cypress/runner/cypress_runner.js:1807:23)
    at <unknown> (https://www.saucedemo.com/__cypress/runner/cypress_runner.js:4186:41)
    at tryCatcher (https://www.saucedemo.com/__cypress/runner/cypress_runner.js:1807:23)
    at Promise._settlePromiseFromHandler (https://www.saucedemo.com/__cypress/runner/cypress_runner.js:1519:31)
    at Promise._settlePromise (https://www.saucedemo.com/__cypress/runner/cypress_runner.js:1576:18)
    at Promise._settlePromise0 (https://www.saucedemo.com/__cypress/runner/cypress_runner.js:1621:10)
    at Promise._settlePromises (https://www.saucedemo.com/__cypress/runner/cypress_runner.js:1697:18)
    at _drainQueueStep (https://www.saucedemo.com/__cypress/runner/cypress_runner.js:2407:12)
    at _drainQueue (https://www.saucedemo.com/__cypress/runner/cypress_runner.js:2400:9)
    at Async._drainQueues (https://www.saucedemo.com/__cypress/runner/cypress_runner.js:2416:5)
    at Async.drainQueues (https://www.saucedemo.com/__cypress/runner/cypress_runner.js:2286:14)
From Your Spec Code:
    at Context.eval (webpack://swag-labs-testing/./cypress/support/commands.js:29:5)]]></failure>
    
  </testcase>
  
  <testcase name="Valid Cart Validate user can reset app state after adding item to cart" time="0.000" classname="Validate user can reset app state after adding item to cart">
    
    <failure message="Timed out after waiting `60000ms` for your remote page to load.

Your page did not fire its `load` event within `60000ms`.

You can try increasing the `pageLoadTimeout` value in `cypress.config.js` to wait longer.

Browsers will not fire the `load` event until all stylesheets and scripts are done downloading.

When this `load` event occurs, Cypress will continue running commands." type="CypressError"><![CDATA[CypressError: Timed out after waiting `60000ms` for your remote page to load.

Your page did not fire its `load` event within `60000ms`.

You can try increasing the `pageLoadTimeout` value in `cypress.config.js` to wait longer.

Browsers will not fire the `load` event until all stylesheets and scripts are done downloading.

When this `load` event occurs, Cypress will continue running commands.
    at timedOutWaitingForPageLoad (https://www.saucedemo.com/__cypress/runner/cypress_runner.js:130482:64)
    at <unknown> (https://www.saucedemo.com/__cypress/runner/cypress_runner.js:131467:16)
    at tryCatcher (https://www.saucedemo.com/__cypress/runner/cypress_runner.js:1807:23)
    at <unknown> (https://www.saucedemo.com/__cypress/runner/cypress_runner.js:4186:41)
    at tryCatcher (https://www.saucedemo.com/__cypress/runner/cypress_runner.js:1807:23)
    at Promise._settlePromiseFromHandler (https://www.saucedemo.com/__cypress/runner/cypress_runner.js:1519:31)
    at Promise._settlePromise (https://www.saucedemo.com/__cypress/runner/cypress_runner.js:1576:18)
    at Promise._settlePromise0 (https://www.saucedemo.com/__cypress/runner/cypress_runner.js:1621:10)
    at Promise._settlePromises (https://www.saucedemo.com/__cypress/runner/cypress_runner.js:1697:18)
    at _drainQueueStep (https://www.saucedemo.com/__cypress/runner/cypress_runner.js:2407:12)
    at _drainQueue (https://www.saucedemo.com/__cypress/runner/cypress_runner.js:2400:9)
    at Async._drainQueues (https://www.saucedemo.com/__cypress/runner/cypress_runner.js:2416:5)
    at Async.drainQueues (https://www.saucedemo.com/__cypress/runner/cypress_runner.js:2286:14)
From Your Spec Code:
    at Context.eval (webpack://swag-labs-testing/./cypress/support/commands.js:29:5)]]></failure>
    
  </testcase>
  
  <testcase name="Valid Cart Validate user can remove item from cart in cart page" time="0.000" classname="Validate user can remove item from cart in cart page">
    
    <failure message="Timed out after waiting `60000ms` for your remote page to load.

Your page did not fire its `load` event within `60000ms`.

You can try increasing the `pageLoadTimeout` value in `cypress.config.js` to wait longer.

Browsers will not fire the `load` event until all stylesheets and scripts are done downloading.

When this `load` event occurs, Cypress will continue running commands." type="CypressError"><![CDATA[CypressError: Timed out after waiting `60000ms` for your remote page to load.

Your page did not fire its `load` event within `60000ms`.

You can try increasing the `pageLoadTimeout` value in `cypress.config.js` to wait longer.

Browsers will not fire the `load` event until all stylesheets and scripts are done downloading.

When this `load` event occurs, Cypress will continue running commands.
    at timedOutWaitingForPageLoad (https://www.saucedemo.com/__cypress/runner/cypress_runner.js:130482:64)
    at <unknown> (https://www.saucedemo.com/__cypress/runner/cypress_runner.js:131467:16)
    at tryCatcher (https://www.saucedemo.com/__cypress/runner/cypress_runner.js:1807:23)
    at <unknown> (https://www.saucedemo.com/__cypress/runner/cypress_runner.js:4186:41)
    at tryCatcher (https://www.saucedemo.com/__cypress/runner/cypress_runner.js:1807:23)
    at Promise._settlePromiseFromHandler (https://www.saucedemo.com/__cypress/runner/cypress_runner.js:1519:31)
    at Promise._settlePromise (https://www.saucedemo.com/__cypress/runner/cypress_runner.js:1576:18)
    at Promise._settlePromise0 (https://www.saucedemo.com/__cypress/runner/cypress_runner.js:1621:10)
    at Promise._settlePromises (https://www.saucedemo.com/__cypress/runner/cypress_runner.js:1697:18)
    at _drainQueueStep (https://www.saucedemo.com/__cypress/runner/cypress_runner.js:2407:12)
    at _drainQueue (https://www.saucedemo.com/__cypress/runner/cypress_runner.js:2400:9)
    at Async._drainQueues (https://www.saucedemo.com/__cypress/runner/cypress_runner.js:2416:5)
    at Async.drainQueues (https://www.saucedemo.com/__cypress/runner/cypress_runner.js:2286:14)
From Your Spec Code:
    at Context.eval (webpack://swag-labs-testing/./cypress/support/commands.js:29:5)]]></failure>
    
  </testcase>
  
</testsuite>

<testsuite name="Root Suite" timestamp="2024-12-09T05:33:02" tests="0" file="cypress\e2e\login.test.js" time="0.000" failures="0"></testsuite>
<testsuite name="Valid Login" timestamp="2024-12-09T05:33:02" tests="2" time="7.150" failures="0">
  
  <testcase name="Valid Login Login with valid username &amp; password" time="5.389" classname="Login with valid username &amp; password"></testcase>
  
  <testcase name="Valid Login Logout" time="1.707" classname="Logout"></testcase>
  
</testsuite>
<testsuite name="Invalid Login" timestamp="2024-12-09T05:33:09" tests="4" time="5.490" failures="0">
  
  <testcase name="Invalid Login Login with empty username" time="1.390" classname="Login with empty username"></testcase>
  
  <testcase name="Invalid Login Login with empty password" time="1.137" classname="Login with empty password"></testcase>
  
  <testcase name="Invalid Login Login with invalid username or password" time="1.421" classname="Login with invalid username or password"></testcase>
  
  <testcase name="Invalid Login Login with locked out account" time="1.445" classname="Login with locked out account"></testcase>
  
</testsuite>

<testsuite name="Root Suite" timestamp="2024-12-09T05:25:26" tests="0" file="cypress\e2e\bypassing_to_main_pages.test.js" time="0.000" failures="0"></testsuite>
<testsuite name="Bypass to Main Pages Without Login" timestamp="2024-12-09T05:25:26" tests="3" time="4.275" failures="0">
  
  <testcase name="Bypass to Main Pages Without Login Bypass Homepage" time="3.104" classname="Bypass Homepage"></testcase>
  
  <testcase name="Bypass to Main Pages Without Login Bypass Product Detail" time="0.622" classname="Bypass Product Detail"></testcase>
  
  <testcase name="Bypass to Main Pages Without Login Bypass Cart" time="0.481" classname="Bypass Cart"></testcase>
  
</testsuite>

<testsuite name="Root Suite" timestamp="2024-12-09T05:32:56" tests="0" file="cypress\e2e\home.test.js" time="0.000" failures="0"></testsuite>
<testsuite name="Homepage" timestamp="2024-12-09T05:32:56" tests="1" time="4.277" failures="0">
  
  <testcase name="Homepage Verify user can sort product" time="4.213" classname="Verify user can sort product"></testcase>
  
</testsuite>

<testsuite name="Root Suite" timestamp="2024-12-09T05:29:45" tests="0" file="cypress\e2e\checkout.test.js" time="0.000" failures="0"></testsuite>
<testsuite name="Valid Checkout" timestamp="2024-12-09T05:29:45" tests="3" time="128.323" failures="2">
  
  <testcase name="Valid Checkout Validate checkout after adding item to cart" time="7.703" classname="Validate checkout after adding item to cart"></testcase>
  
  <testcase name="Valid Checkout Provide a valid first name &amp; last name in arabic format" time="0.000" classname="Provide a valid first name &amp; last name in arabic format">
    
    <failure message="Timed out after waiting `60000ms` for your remote page to load.

Your page did not fire its `load` event within `60000ms`.

You can try increasing the `pageLoadTimeout` value in `cypress.config.js` to wait longer.

Browsers will not fire the `load` event until all stylesheets and scripts are done downloading.

When this `load` event occurs, Cypress will continue running commands." type="CypressError"><![CDATA[CypressError: Timed out after waiting `60000ms` for your remote page to load.

Your page did not fire its `load` event within `60000ms`.

You can try increasing the `pageLoadTimeout` value in `cypress.config.js` to wait longer.

Browsers will not fire the `load` event until all stylesheets and scripts are done downloading.

When this `load` event occurs, Cypress will continue running commands.
    at timedOutWaitingForPageLoad (https://www.saucedemo.com/__cypress/runner/cypress_runner.js:130482:64)
    at <unknown> (https://www.saucedemo.com/__cypress/runner/cypress_runner.js:131467:16)
    at tryCatcher (https://www.saucedemo.com/__cypress/runner/cypress_runner.js:1807:23)
    at <unknown> (https://www.saucedemo.com/__cypress/runner/cypress_runner.js:4186:41)
    at tryCatcher (https://www.saucedemo.com/__cypress/runner/cypress_runner.js:1807:23)
    at Promise._settlePromiseFromHandler (https://www.saucedemo.com/__cypress/runner/cypress_runner.js:1519:31)
    at Promise._settlePromise (https://www.saucedemo.com/__cypress/runner/cypress_runner.js:1576:18)
    at Promise._settlePromise0 (https://www.saucedemo.com/__cypress/runner/cypress_runner.js:1621:10)
    at Promise._settlePromises (https://www.saucedemo.com/__cypress/runner/cypress_runner.js:1697:18)
    at _drainQueueStep (https://www.saucedemo.com/__cypress/runner/cypress_runner.js:2407:12)
    at _drainQueue (https://www.saucedemo.com/__cypress/runner/cypress_runner.js:2400:9)
    at Async._drainQueues (https://www.saucedemo.com/__cypress/runner/cypress_runner.js:2416:5)
    at Async.drainQueues (https://www.saucedemo.com/__cypress/runner/cypress_runner.js:2286:14)
From Your Spec Code:
    at Context.eval (webpack://swag-labs-testing/./cypress/support/commands.js:29:5)]]></failure>
    
  </testcase>
  
  <testcase name="Valid Checkout Provide a valid zip/postal code with arabic format, first name, and last name" time="0.000" classname="Provide a valid zip/postal code with arabic format, first name, and last name">
    
    <failure message="Timed out after waiting `60000ms` for your remote page to load.

Your page did not fire its `load` event within `60000ms`.

You can try increasing the `pageLoadTimeout` value in `cypress.config.js` to wait longer.

Browsers will not fire the `load` event until all stylesheets and scripts are done downloading.

When this `load` event occurs, Cypress will continue running commands." type="CypressError"><![CDATA[CypressError: Timed out after waiting `60000ms` for your remote page to load.

Your page did not fire its `load` event within `60000ms`.

You can try increasing the `pageLoadTimeout` value in `cypress.config.js` to wait longer.

Browsers will not fire the `load` event until all stylesheets and scripts are done downloading.

When this `load` event occurs, Cypress will continue running commands.
    at timedOutWaitingForPageLoad (https://www.saucedemo.com/__cypress/runner/cypress_runner.js:130482:64)
    at <unknown> (https://www.saucedemo.com/__cypress/runner/cypress_runner.js:131467:16)
    at tryCatcher (https://www.saucedemo.com/__cypress/runner/cypress_runner.js:1807:23)
    at <unknown> (https://www.saucedemo.com/__cypress/runner/cypress_runner.js:4186:41)
    at tryCatcher (https://www.saucedemo.com/__cypress/runner/cypress_runner.js:1807:23)
    at Promise._settlePromiseFromHandler (https://www.saucedemo.com/__cypress/runner/cypress_runner.js:1519:31)
    at Promise._settlePromise (https://www.saucedemo.com/__cypress/runner/cypress_runner.js:1576:18)
    at Promise._settlePromise0 (https://www.saucedemo.com/__cypress/runner/cypress_runner.js:1621:10)
    at Promise._settlePromises (https://www.saucedemo.com/__cypress/runner/cypress_runner.js:1697:18)
    at _drainQueueStep (https://www.saucedemo.com/__cypress/runner/cypress_runner.js:2407:12)
    at _drainQueue (https://www.saucedemo.com/__cypress/runner/cypress_runner.js:2400:9)
    at Async._drainQueues (https://www.saucedemo.com/__cypress/runner/cypress_runner.js:2416:5)
    at Async.drainQueues (https://www.saucedemo.com/__cypress/runner/cypress_runner.js:2286:14)
From Your Spec Code:
    at Context.eval (webpack://swag-labs-testing/./cypress/support/commands.js:29:5)]]></failure>
    
  </testcase>
  
</testsuite>
<testsuite name="Invalid Checkout" timestamp="2024-12-09T05:31:54" tests="4" time="60.308" failures="1">
  
  <testcase name="Invalid Checkout &quot;before all&quot; hook for &quot;Validate user can&apos;t checkout if they have 0 item on cart&quot;" time="0.000" classname="&quot;before all&quot; hook for &quot;Validate user can&apos;t checkout if they have 0 item on cart&quot;">
    
    <failure message="Timed out after waiting `60000ms` for your remote page to load.

Your page did not fire its `load` event within `60000ms`.

You can try increasing the `pageLoadTimeout` value in `cypress.config.js` to wait longer.

Browsers will not fire the `load` event until all stylesheets and scripts are done downloading.

When this `load` event occurs, Cypress will continue running commands.

Because this error occurred during a `before all` hook we are skipping the remaining tests in the current suite: `Invalid Checkout`" type="CypressError"><![CDATA[CypressError: Timed out after waiting `60000ms` for your remote page to load.

Your page did not fire its `load` event within `60000ms`.

You can try increasing the `pageLoadTimeout` value in `cypress.config.js` to wait longer.

Browsers will not fire the `load` event until all stylesheets and scripts are done downloading.

When this `load` event occurs, Cypress will continue running commands.

Because this error occurred during a `before all` hook we are skipping the remaining tests in the current suite: `Invalid Checkout`
    at timedOutWaitingForPageLoad (https://www.saucedemo.com/__cypress/runner/cypress_runner.js:130482:64)
    at <unknown> (https://www.saucedemo.com/__cypress/runner/cypress_runner.js:131467:16)
    at tryCatcher (https://www.saucedemo.com/__cypress/runner/cypress_runner.js:1807:23)
    at <unknown> (https://www.saucedemo.com/__cypress/runner/cypress_runner.js:4186:41)
    at tryCatcher (https://www.saucedemo.com/__cypress/runner/cypress_runner.js:1807:23)
    at Promise._settlePromiseFromHandler (https://www.saucedemo.com/__cypress/runner/cypress_runner.js:1519:31)
    at Promise._settlePromise (https://www.saucedemo.com/__cypress/runner/cypress_runner.js:1576:18)
    at Promise._settlePromise0 (https://www.saucedemo.com/__cypress/runner/cypress_runner.js:1621:10)
    at Promise._settlePromises (https://www.saucedemo.com/__cypress/runner/cypress_runner.js:1697:18)
    at _drainQueueStep (https://www.saucedemo.com/__cypress/runner/cypress_runner.js:2407:12)
    at _drainQueue (https://www.saucedemo.com/__cypress/runner/cypress_runner.js:2400:9)
    at Async._drainQueues (https://www.saucedemo.com/__cypress/runner/cypress_runner.js:2416:5)
    at Async.drainQueues (https://www.saucedemo.com/__cypress/runner/cypress_runner.js:2286:14)
From Your Spec Code:
    at Context.eval (webpack://swag-labs-testing/./cypress/e2e/checkout.test.js:113:7)]]></failure>
    
  </testcase>
  
</testsuite>

</testsuites>